[ 2023-05-04 19:17:13,089 ] 21 root - INFO - Exporting collection data as pandas dataframe
[ 2023-05-04 19:17:13,089 ] 22 root - INFO - Reading from aps database and sensor1 collection
[ 2023-05-04 19:17:16,460 ] 24 root - INFO - foundIndex(['_id', 'class', 'aa_000', 'ab_000', 'ac_000', 'ad_000', 'ae_000',
       'af_000', 'ag_000', 'ag_001',
       ...
       'ee_002', 'ee_003', 'ee_004', 'ee_005', 'ee_006', 'ee_007', 'ee_008',
       'ee_009', 'ef_000', 'eg_000'],
      dtype='object', length=172) columns
[ 2023-05-04 19:17:16,461 ] 26 root - INFO - Dropping _id column
[ 2023-05-04 19:17:16,663 ] 28 root - INFO - (36188, 171) are rown and columns in the dataframe df
[ 2023-05-04 19:17:16,663 ] 27 root - INFO - Save data in feature store
[ 2023-05-04 19:17:17,996 ] 33 root - INFO - Create feature store folder if not available
[ 2023-05-04 19:17:17,997 ] 37 root - INFO - Save df to feature store folder
[ 2023-05-04 19:17:19,814 ] 42 root - INFO - split dataset into train and test set
[ 2023-05-04 19:17:20,144 ] 46 root - INFO - create dataset directory folder if not available
[ 2023-05-04 19:17:20,144 ] 51 root - INFO - Save df to feature store folder
[ 2023-05-04 19:17:21,938 ] 63 root - INFO - Data ingestion artifact: DataIngestionArtifact(feature_store_file_path='/config/workspace/artifact/05042023__191713/data_ingestion/feature store/sensor1.csv', train_file_path='/config/workspace/artifact/05042023__191713/data_ingestion/dataset/train.csv', test_file_path='/config/workspace/artifact/05042023__191713/data_ingestion/dataset/test.csv')
[ 2023-05-04 19:17:22,324 ] 18 root - INFO - >>>>>>>>>>>>>>>>>>>>>>>>>>>>>>>>>>>>>>>> Data Validation <<<<<<<<<<<<<<<<<<<<<<<<<<<<<<<<<<<<<<<<
[ 2023-05-04 19:17:22,325 ] 107 root - INFO - Reading base dataframe
[ 2023-05-04 19:17:24,504 ] 110 root - INFO - Replace na value in base df
[ 2023-05-04 19:17:24,504 ] 112 root - INFO - Drop null values colums from base df
[ 2023-05-04 19:17:24,725 ] 41 root - INFO - selecting column name which contains null above to 0.2
[ 2023-05-04 19:17:24,725 ] 44 root - INFO - Columns to drop: ['ab_000', 'ad_000', 'bk_000', 'bl_000', 'bm_000', 'bn_000', 'bo_000', 'bp_000', 'bq_000', 'br_000', 'cf_000', 'cg_000', 'ch_000', 'co_000', 'cr_000', 'ct_000', 'cu_000', 'cv_000', 'cx_000', 'cy_000', 'cz_000', 'da_000', 'db_000', 'dc_000']
[ 2023-05-04 19:17:24,804 ] 115 root - INFO - Reading train dataframe
[ 2023-05-04 19:17:25,176 ] 117 root - INFO - Reading test dataframe
[ 2023-05-04 19:17:25,273 ] 120 root - INFO - Drop null values colums from train df
[ 2023-05-04 19:17:25,281 ] 41 root - INFO - selecting column name which contains null above to 0.2
[ 2023-05-04 19:17:25,281 ] 44 root - INFO - Columns to drop: ['ab_000', 'ad_000', 'bk_000', 'bl_000', 'bm_000', 'bn_000', 'bo_000', 'bp_000', 'bq_000', 'br_000', 'cf_000', 'cg_000', 'ch_000', 'co_000', 'cr_000', 'ct_000', 'cu_000', 'cv_000', 'cx_000', 'cy_000', 'cz_000', 'da_000', 'db_000', 'dc_000']
[ 2023-05-04 19:17:25,290 ] 122 root - INFO - Drop null values colums from test df
[ 2023-05-04 19:17:25,293 ] 41 root - INFO - selecting column name which contains null above to 0.2
[ 2023-05-04 19:17:25,293 ] 44 root - INFO - Columns to drop: ['ab_000', 'ad_000', 'bk_000', 'bl_000', 'bm_000', 'bn_000', 'bo_000', 'bp_000', 'bq_000', 'br_000', 'cf_000', 'cg_000', 'ch_000', 'co_000', 'cr_000', 'ct_000', 'cu_000', 'cv_000', 'cx_000', 'cy_000', 'cz_000', 'da_000', 'db_000', 'dc_000']
[ 2023-05-04 19:17:26,068 ] 131 root - INFO - Is all required columns present in train df
[ 2023-05-04 19:17:26,068 ] 133 root - INFO - Is all required columns present in test df
[ 2023-05-04 19:17:26,069 ] 137 root - INFO - As all column are available in train df hence detecting data drift
[ 2023-05-04 19:17:26,069 ] 85 root - INFO - Hypothesis class: object, object 
[ 2023-05-04 19:17:26,203 ] 85 root - INFO - Hypothesis aa_000: float64, float64 
[ 2023-05-04 19:17:26,214 ] 85 root - INFO - Hypothesis ac_000: float64, float64 
[ 2023-05-04 19:17:26,222 ] 85 root - INFO - Hypothesis ae_000: float64, float64 
[ 2023-05-04 19:17:26,260 ] 85 root - INFO - Hypothesis af_000: float64, float64 
[ 2023-05-04 19:17:26,297 ] 85 root - INFO - Hypothesis ag_000: float64, float64 
[ 2023-05-04 19:17:26,334 ] 85 root - INFO - Hypothesis ag_001: float64, float64 
[ 2023-05-04 19:17:26,371 ] 85 root - INFO - Hypothesis ag_002: float64, float64 
[ 2023-05-04 19:17:26,408 ] 85 root - INFO - Hypothesis ag_003: float64, float64 
[ 2023-05-04 19:17:26,446 ] 85 root - INFO - Hypothesis ag_004: float64, float64 
[ 2023-05-04 19:17:26,490 ] 85 root - INFO - Hypothesis ag_005: float64, float64 
[ 2023-05-04 19:17:26,502 ] 85 root - INFO - Hypothesis ag_006: float64, float64 
[ 2023-05-04 19:17:26,514 ] 85 root - INFO - Hypothesis ag_007: float64, float64 
[ 2023-05-04 19:17:26,524 ] 85 root - INFO - Hypothesis ag_008: float64, float64 
[ 2023-05-04 19:17:26,533 ] 85 root - INFO - Hypothesis ag_009: float64, float64 
[ 2023-05-04 19:17:26,573 ] 85 root - INFO - Hypothesis ah_000: float64, float64 
[ 2023-05-04 19:17:26,584 ] 85 root - INFO - Hypothesis ai_000: float64, float64 
[ 2023-05-04 19:17:26,622 ] 85 root - INFO - Hypothesis aj_000: float64, float64 
[ 2023-05-04 19:17:26,664 ] 85 root - INFO - Hypothesis ak_000: float64, float64 
[ 2023-05-04 19:17:26,701 ] 85 root - INFO - Hypothesis al_000: float64, float64 
[ 2023-05-04 19:17:26,742 ] 85 root - INFO - Hypothesis am_0: float64, float64 
[ 2023-05-04 19:17:26,750 ] 85 root - INFO - Hypothesis an_000: float64, float64 
[ 2023-05-04 19:17:26,760 ] 85 root - INFO - Hypothesis ao_000: float64, float64 
[ 2023-05-04 19:17:26,771 ] 85 root - INFO - Hypothesis ap_000: float64, float64 
[ 2023-05-04 19:17:26,782 ] 85 root - INFO - Hypothesis aq_000: float64, float64 
[ 2023-05-04 19:17:26,793 ] 85 root - INFO - Hypothesis ar_000: float64, float64 
[ 2023-05-04 19:17:26,830 ] 85 root - INFO - Hypothesis as_000: float64, float64 
[ 2023-05-04 19:17:26,866 ] 85 root - INFO - Hypothesis at_000: float64, float64 
[ 2023-05-04 19:17:26,903 ] 85 root - INFO - Hypothesis au_000: float64, float64 
[ 2023-05-04 19:17:26,939 ] 85 root - INFO - Hypothesis av_000: float64, float64 
[ 2023-05-04 19:17:26,980 ] 85 root - INFO - Hypothesis ax_000: float64, float64 
[ 2023-05-04 19:17:27,021 ] 85 root - INFO - Hypothesis ay_000: float64, float64 
[ 2023-05-04 19:17:27,058 ] 85 root - INFO - Hypothesis ay_001: float64, float64 
[ 2023-05-04 19:17:27,095 ] 85 root - INFO - Hypothesis ay_002: float64, float64 
[ 2023-05-04 19:17:27,133 ] 85 root - INFO - Hypothesis ay_003: float64, float64 
[ 2023-05-04 19:17:27,169 ] 85 root - INFO - Hypothesis ay_004: float64, float64 
[ 2023-05-04 19:17:27,206 ] 85 root - INFO - Hypothesis ay_005: float64, float64 
[ 2023-05-04 19:17:27,247 ] 85 root - INFO - Hypothesis ay_006: float64, float64 
[ 2023-05-04 19:17:27,256 ] 85 root - INFO - Hypothesis ay_007: float64, float64 
[ 2023-05-04 19:17:27,266 ] 85 root - INFO - Hypothesis ay_008: float64, float64 
[ 2023-05-04 19:17:27,277 ] 85 root - INFO - Hypothesis ay_009: float64, float64 
[ 2023-05-04 19:17:27,313 ] 85 root - INFO - Hypothesis az_000: float64, float64 
[ 2023-05-04 19:17:27,323 ] 85 root - INFO - Hypothesis az_001: float64, float64 
[ 2023-05-04 19:17:27,332 ] 85 root - INFO - Hypothesis az_002: float64, float64 
[ 2023-05-04 19:17:27,341 ] 85 root - INFO - Hypothesis az_003: float64, float64 
[ 2023-05-04 19:17:27,385 ] 85 root - INFO - Hypothesis az_004: float64, float64 
[ 2023-05-04 19:17:27,429 ] 85 root - INFO - Hypothesis az_005: float64, float64 
[ 2023-05-04 19:17:27,440 ] 85 root - INFO - Hypothesis az_006: float64, float64 
[ 2023-05-04 19:17:27,449 ] 85 root - INFO - Hypothesis az_007: float64, float64 
[ 2023-05-04 19:17:27,455 ] 85 root - INFO - Hypothesis az_008: float64, float64 
[ 2023-05-04 19:17:27,492 ] 85 root - INFO - Hypothesis az_009: float64, float64 
[ 2023-05-04 19:17:27,529 ] 85 root - INFO - Hypothesis ba_000: float64, float64 
[ 2023-05-04 19:17:27,540 ] 85 root - INFO - Hypothesis ba_001: float64, float64 
[ 2023-05-04 19:17:27,583 ] 85 root - INFO - Hypothesis ba_002: float64, float64 
[ 2023-05-04 19:17:27,593 ] 85 root - INFO - Hypothesis ba_003: float64, float64 
[ 2023-05-04 19:17:27,604 ] 85 root - INFO - Hypothesis ba_004: float64, float64 
[ 2023-05-04 19:17:27,615 ] 85 root - INFO - Hypothesis ba_005: float64, float64 
[ 2023-05-04 19:17:27,626 ] 85 root - INFO - Hypothesis ba_006: float64, float64 
[ 2023-05-04 19:17:27,636 ] 85 root - INFO - Hypothesis ba_007: float64, float64 
[ 2023-05-04 19:17:27,645 ] 85 root - INFO - Hypothesis ba_008: float64, float64 
[ 2023-05-04 19:17:27,686 ] 85 root - INFO - Hypothesis ba_009: float64, float64 
[ 2023-05-04 19:17:27,725 ] 85 root - INFO - Hypothesis bb_000: float64, float64 
[ 2023-05-04 19:17:27,735 ] 85 root - INFO - Hypothesis bc_000: float64, float64 
[ 2023-05-04 19:17:27,743 ] 85 root - INFO - Hypothesis bd_000: float64, float64 
[ 2023-05-04 19:17:27,785 ] 85 root - INFO - Hypothesis be_000: float64, float64 
[ 2023-05-04 19:17:27,793 ] 85 root - INFO - Hypothesis bf_000: float64, float64 
[ 2023-05-04 19:17:27,800 ] 85 root - INFO - Hypothesis bg_000: float64, float64 
[ 2023-05-04 19:17:27,810 ] 85 root - INFO - Hypothesis bh_000: float64, float64 
[ 2023-05-04 19:17:27,821 ] 85 root - INFO - Hypothesis bi_000: float64, float64 
[ 2023-05-04 19:17:27,831 ] 85 root - INFO - Hypothesis bj_000: float64, float64 
[ 2023-05-04 19:17:27,842 ] 85 root - INFO - Hypothesis bs_000: float64, float64 
[ 2023-05-04 19:17:27,852 ] 85 root - INFO - Hypothesis bt_000: float64, float64 
[ 2023-05-04 19:17:27,862 ] 85 root - INFO - Hypothesis bu_000: float64, float64 
[ 2023-05-04 19:17:27,873 ] 85 root - INFO - Hypothesis bv_000: float64, float64 
[ 2023-05-04 19:17:27,883 ] 85 root - INFO - Hypothesis bx_000: float64, float64 
[ 2023-05-04 19:17:27,893 ] 85 root - INFO - Hypothesis by_000: float64, float64 
[ 2023-05-04 19:17:27,903 ] 85 root - INFO - Hypothesis bz_000: float64, float64 
[ 2023-05-04 19:17:27,912 ] 85 root - INFO - Hypothesis ca_000: float64, float64 
[ 2023-05-04 19:17:27,923 ] 85 root - INFO - Hypothesis cb_000: float64, float64 
[ 2023-05-04 19:17:27,933 ] 85 root - INFO - Hypothesis cc_000: float64, float64 
[ 2023-05-04 19:17:27,977 ] 85 root - INFO - Hypothesis cd_000: float64, float64 
[ 2023-05-04 19:17:28,014 ] 85 root - INFO - Hypothesis ce_000: float64, float64 
[ 2023-05-04 19:17:28,024 ] 85 root - INFO - Hypothesis ci_000: float64, float64 
[ 2023-05-04 19:17:28,034 ] 85 root - INFO - Hypothesis cj_000: float64, float64 
[ 2023-05-04 19:17:28,072 ] 85 root - INFO - Hypothesis ck_000: float64, float64 
[ 2023-05-04 19:17:28,082 ] 85 root - INFO - Hypothesis cl_000: float64, float64 
[ 2023-05-04 19:17:28,120 ] 85 root - INFO - Hypothesis cm_000: float64, float64 
[ 2023-05-04 19:17:28,127 ] 85 root - INFO - Hypothesis cn_000: float64, float64 
[ 2023-05-04 19:17:28,165 ] 85 root - INFO - Hypothesis cn_001: float64, float64 
[ 2023-05-04 19:17:28,203 ] 85 root - INFO - Hypothesis cn_002: float64, float64 
[ 2023-05-04 19:17:28,211 ] 85 root - INFO - Hypothesis cn_003: float64, float64 
[ 2023-05-04 19:17:28,255 ] 85 root - INFO - Hypothesis cn_004: float64, float64 
[ 2023-05-04 19:17:28,266 ] 85 root - INFO - Hypothesis cn_005: float64, float64 
[ 2023-05-04 19:17:28,276 ] 85 root - INFO - Hypothesis cn_006: float64, float64 
[ 2023-05-04 19:17:28,286 ] 85 root - INFO - Hypothesis cn_007: float64, float64 
[ 2023-05-04 19:17:28,296 ] 85 root - INFO - Hypothesis cn_008: float64, float64 
[ 2023-05-04 19:17:28,305 ] 85 root - INFO - Hypothesis cn_009: float64, float64 
[ 2023-05-04 19:17:28,312 ] 85 root - INFO - Hypothesis cp_000: float64, float64 
[ 2023-05-04 19:17:28,352 ] 85 root - INFO - Hypothesis cq_000: float64, float64 
[ 2023-05-04 19:17:28,362 ] 85 root - INFO - Hypothesis cs_000: float64, float64 
[ 2023-05-04 19:17:28,372 ] 85 root - INFO - Hypothesis cs_001: float64, float64 
[ 2023-05-04 19:17:28,381 ] 85 root - INFO - Hypothesis cs_002: float64, float64 
[ 2023-05-04 19:17:28,390 ] 85 root - INFO - Hypothesis cs_003: float64, float64 
[ 2023-05-04 19:17:28,401 ] 85 root - INFO - Hypothesis cs_004: float64, float64 
[ 2023-05-04 19:17:28,411 ] 85 root - INFO - Hypothesis cs_005: float64, float64 
[ 2023-05-04 19:17:28,421 ] 85 root - INFO - Hypothesis cs_006: float64, float64 
[ 2023-05-04 19:17:28,432 ] 85 root - INFO - Hypothesis cs_007: float64, float64 
[ 2023-05-04 19:17:28,442 ] 85 root - INFO - Hypothesis cs_008: float64, float64 
[ 2023-05-04 19:17:28,450 ] 85 root - INFO - Hypothesis cs_009: float64, float64 
[ 2023-05-04 19:17:28,486 ] 85 root - INFO - Hypothesis dd_000: float64, float64 
[ 2023-05-04 19:17:28,496 ] 85 root - INFO - Hypothesis de_000: float64, float64 
[ 2023-05-04 19:17:28,504 ] 85 root - INFO - Hypothesis df_000: float64, float64 
[ 2023-05-04 19:17:28,543 ] 85 root - INFO - Hypothesis dg_000: float64, float64 
[ 2023-05-04 19:17:28,582 ] 85 root - INFO - Hypothesis dh_000: float64, float64 
[ 2023-05-04 19:17:28,620 ] 85 root - INFO - Hypothesis di_000: float64, float64 
[ 2023-05-04 19:17:28,658 ] 85 root - INFO - Hypothesis dj_000: float64, float64 
[ 2023-05-04 19:17:28,696 ] 85 root - INFO - Hypothesis dk_000: float64, float64 
[ 2023-05-04 19:17:28,733 ] 85 root - INFO - Hypothesis dl_000: float64, float64 
[ 2023-05-04 19:17:28,770 ] 85 root - INFO - Hypothesis dm_000: float64, float64 
[ 2023-05-04 19:17:28,807 ] 85 root - INFO - Hypothesis dn_000: float64, float64 
[ 2023-05-04 19:17:28,817 ] 85 root - INFO - Hypothesis do_000: float64, float64 
[ 2023-05-04 19:17:28,859 ] 85 root - INFO - Hypothesis dp_000: float64, float64 
[ 2023-05-04 19:17:28,868 ] 85 root - INFO - Hypothesis dq_000: float64, float64 
[ 2023-05-04 19:17:28,907 ] 85 root - INFO - Hypothesis dr_000: float64, float64 
[ 2023-05-04 19:17:28,946 ] 85 root - INFO - Hypothesis ds_000: float64, float64 
[ 2023-05-04 19:17:28,956 ] 85 root - INFO - Hypothesis dt_000: float64, float64 
[ 2023-05-04 19:17:28,966 ] 85 root - INFO - Hypothesis du_000: float64, float64 
[ 2023-05-04 19:17:28,976 ] 85 root - INFO - Hypothesis dv_000: float64, float64 
[ 2023-05-04 19:17:28,986 ] 85 root - INFO - Hypothesis dx_000: float64, float64 
[ 2023-05-04 19:17:28,993 ] 85 root - INFO - Hypothesis dy_000: float64, float64 
[ 2023-05-04 19:17:29,033 ] 85 root - INFO - Hypothesis dz_000: float64, float64 
[ 2023-05-04 19:17:29,070 ] 85 root - INFO - Hypothesis ea_000: float64, float64 
[ 2023-05-04 19:17:29,107 ] 85 root - INFO - Hypothesis eb_000: float64, float64 
[ 2023-05-04 19:17:29,115 ] 85 root - INFO - Hypothesis ec_00: float64, float64 
[ 2023-05-04 19:17:29,157 ] 85 root - INFO - Hypothesis ed_000: float64, float64 
[ 2023-05-04 19:17:29,199 ] 85 root - INFO - Hypothesis ee_000: float64, float64 
[ 2023-05-04 19:17:29,210 ] 85 root - INFO - Hypothesis ee_001: float64, float64 
[ 2023-05-04 19:17:29,220 ] 85 root - INFO - Hypothesis ee_002: float64, float64 
[ 2023-05-04 19:17:29,231 ] 85 root - INFO - Hypothesis ee_003: float64, float64 
[ 2023-05-04 19:17:29,241 ] 85 root - INFO - Hypothesis ee_004: float64, float64 
[ 2023-05-04 19:17:29,251 ] 85 root - INFO - Hypothesis ee_005: float64, float64 
[ 2023-05-04 19:17:29,261 ] 85 root - INFO - Hypothesis ee_006: float64, float64 
[ 2023-05-04 19:17:29,271 ] 85 root - INFO - Hypothesis ee_007: float64, float64 
[ 2023-05-04 19:17:29,281 ] 85 root - INFO - Hypothesis ee_008: float64, float64 
[ 2023-05-04 19:17:29,322 ] 85 root - INFO - Hypothesis ee_009: float64, float64 
[ 2023-05-04 19:17:29,364 ] 85 root - INFO - Hypothesis ef_000: float64, float64 
[ 2023-05-04 19:17:29,400 ] 85 root - INFO - Hypothesis eg_000: float64, float64 
[ 2023-05-04 19:17:29,437 ] 140 root - INFO - As all column are available in test df hence detecting data drift
[ 2023-05-04 19:17:29,437 ] 85 root - INFO - Hypothesis class: object, object 
[ 2023-05-04 19:17:29,500 ] 85 root - INFO - Hypothesis aa_000: float64, float64 
[ 2023-05-04 19:17:29,506 ] 85 root - INFO - Hypothesis ac_000: float64, float64 
[ 2023-05-04 19:17:29,512 ] 85 root - INFO - Hypothesis ae_000: float64, float64 
[ 2023-05-04 19:17:29,516 ] 85 root - INFO - Hypothesis af_000: float64, float64 
[ 2023-05-04 19:17:29,519 ] 85 root - INFO - Hypothesis ag_000: float64, float64 
[ 2023-05-04 19:17:29,537 ] 85 root - INFO - Hypothesis ag_001: float64, float64 
[ 2023-05-04 19:17:29,555 ] 85 root - INFO - Hypothesis ag_002: float64, float64 
[ 2023-05-04 19:17:29,571 ] 85 root - INFO - Hypothesis ag_003: float64, float64 
[ 2023-05-04 19:17:29,587 ] 85 root - INFO - Hypothesis ag_004: float64, float64 
[ 2023-05-04 19:17:29,594 ] 85 root - INFO - Hypothesis ag_005: float64, float64 
[ 2023-05-04 19:17:29,602 ] 85 root - INFO - Hypothesis ag_006: float64, float64 
[ 2023-05-04 19:17:29,609 ] 85 root - INFO - Hypothesis ag_007: float64, float64 
[ 2023-05-04 19:17:29,616 ] 85 root - INFO - Hypothesis ag_008: float64, float64 
[ 2023-05-04 19:17:29,621 ] 85 root - INFO - Hypothesis ag_009: float64, float64 
[ 2023-05-04 19:17:29,628 ] 85 root - INFO - Hypothesis ah_000: float64, float64 
[ 2023-05-04 19:17:29,635 ] 85 root - INFO - Hypothesis ai_000: float64, float64 
[ 2023-05-04 19:17:29,639 ] 85 root - INFO - Hypothesis aj_000: float64, float64 
[ 2023-05-04 19:17:29,643 ] 85 root - INFO - Hypothesis ak_000: float64, float64 
[ 2023-05-04 19:17:29,658 ] 85 root - INFO - Hypothesis al_000: float64, float64 
[ 2023-05-04 19:17:29,663 ] 85 root - INFO - Hypothesis am_0: float64, float64 
[ 2023-05-04 19:17:29,668 ] 85 root - INFO - Hypothesis an_000: float64, float64 
[ 2023-05-04 19:17:29,675 ] 85 root - INFO - Hypothesis ao_000: float64, float64 
[ 2023-05-04 19:17:29,682 ] 85 root - INFO - Hypothesis ap_000: float64, float64 
[ 2023-05-04 19:17:29,689 ] 85 root - INFO - Hypothesis aq_000: float64, float64 
[ 2023-05-04 19:17:29,697 ] 85 root - INFO - Hypothesis ar_000: float64, float64 
[ 2023-05-04 19:17:29,712 ] 85 root - INFO - Hypothesis as_000: float64, float64 
[ 2023-05-04 19:17:29,727 ] 85 root - INFO - Hypothesis at_000: float64, float64 
[ 2023-05-04 19:17:29,731 ] 85 root - INFO - Hypothesis au_000: float64, float64 
[ 2023-05-04 19:17:29,746 ] 85 root - INFO - Hypothesis av_000: float64, float64 
[ 2023-05-04 19:17:29,752 ] 85 root - INFO - Hypothesis ax_000: float64, float64 
[ 2023-05-04 19:17:29,757 ] 85 root - INFO - Hypothesis ay_000: float64, float64 
[ 2023-05-04 19:17:29,772 ] 85 root - INFO - Hypothesis ay_001: float64, float64 
[ 2023-05-04 19:17:29,788 ] 85 root - INFO - Hypothesis ay_002: float64, float64 
[ 2023-05-04 19:17:29,803 ] 85 root - INFO - Hypothesis ay_003: float64, float64 
[ 2023-05-04 19:17:29,819 ] 85 root - INFO - Hypothesis ay_004: float64, float64 
[ 2023-05-04 19:17:29,834 ] 85 root - INFO - Hypothesis ay_005: float64, float64 
[ 2023-05-04 19:17:29,840 ] 85 root - INFO - Hypothesis ay_006: float64, float64 
[ 2023-05-04 19:17:29,846 ] 85 root - INFO - Hypothesis ay_007: float64, float64 
[ 2023-05-04 19:17:29,853 ] 85 root - INFO - Hypothesis ay_008: float64, float64 
[ 2023-05-04 19:17:29,859 ] 85 root - INFO - Hypothesis ay_009: float64, float64 
[ 2023-05-04 19:17:29,875 ] 85 root - INFO - Hypothesis az_000: float64, float64 
[ 2023-05-04 19:17:29,881 ] 85 root - INFO - Hypothesis az_001: float64, float64 
[ 2023-05-04 19:17:29,887 ] 85 root - INFO - Hypothesis az_002: float64, float64 
[ 2023-05-04 19:17:29,894 ] 85 root - INFO - Hypothesis az_003: float64, float64 
[ 2023-05-04 19:17:29,901 ] 85 root - INFO - Hypothesis az_004: float64, float64 
[ 2023-05-04 19:17:29,908 ] 85 root - INFO - Hypothesis az_005: float64, float64 
[ 2023-05-04 19:17:29,915 ] 85 root - INFO - Hypothesis az_006: float64, float64 
[ 2023-05-04 19:17:29,921 ] 85 root - INFO - Hypothesis az_007: float64, float64 
[ 2023-05-04 19:17:29,925 ] 85 root - INFO - Hypothesis az_008: float64, float64 
[ 2023-05-04 19:17:29,928 ] 85 root - INFO - Hypothesis az_009: float64, float64 
[ 2023-05-04 19:17:29,944 ] 85 root - INFO - Hypothesis ba_000: float64, float64 
[ 2023-05-04 19:17:29,951 ] 85 root - INFO - Hypothesis ba_001: float64, float64 
[ 2023-05-04 19:17:29,958 ] 85 root - INFO - Hypothesis ba_002: float64, float64 
[ 2023-05-04 19:17:29,965 ] 85 root - INFO - Hypothesis ba_003: float64, float64 
[ 2023-05-04 19:17:29,972 ] 85 root - INFO - Hypothesis ba_004: float64, float64 
[ 2023-05-04 19:17:29,979 ] 85 root - INFO - Hypothesis ba_005: float64, float64 
[ 2023-05-04 19:17:29,986 ] 85 root - INFO - Hypothesis ba_006: float64, float64 
[ 2023-05-04 19:17:29,992 ] 85 root - INFO - Hypothesis ba_007: float64, float64 
[ 2023-05-04 19:17:29,999 ] 85 root - INFO - Hypothesis ba_008: float64, float64 
[ 2023-05-04 19:17:30,005 ] 85 root - INFO - Hypothesis ba_009: float64, float64 
[ 2023-05-04 19:17:30,010 ] 85 root - INFO - Hypothesis bb_000: float64, float64 
[ 2023-05-04 19:17:30,017 ] 85 root - INFO - Hypothesis bc_000: float64, float64 
[ 2023-05-04 19:17:30,022 ] 85 root - INFO - Hypothesis bd_000: float64, float64 
[ 2023-05-04 19:17:30,028 ] 85 root - INFO - Hypothesis be_000: float64, float64 
[ 2023-05-04 19:17:30,034 ] 85 root - INFO - Hypothesis bf_000: float64, float64 
[ 2023-05-04 19:17:30,039 ] 85 root - INFO - Hypothesis bg_000: float64, float64 
[ 2023-05-04 19:17:30,046 ] 85 root - INFO - Hypothesis bh_000: float64, float64 
[ 2023-05-04 19:17:30,053 ] 85 root - INFO - Hypothesis bi_000: float64, float64 
[ 2023-05-04 19:17:30,060 ] 85 root - INFO - Hypothesis bj_000: float64, float64 
[ 2023-05-04 19:17:30,067 ] 85 root - INFO - Hypothesis bs_000: float64, float64 
[ 2023-05-04 19:17:30,074 ] 85 root - INFO - Hypothesis bt_000: float64, float64 
[ 2023-05-04 19:17:30,081 ] 85 root - INFO - Hypothesis bu_000: float64, float64 
[ 2023-05-04 19:17:30,088 ] 85 root - INFO - Hypothesis bv_000: float64, float64 
[ 2023-05-04 19:17:30,095 ] 85 root - INFO - Hypothesis bx_000: float64, float64 
[ 2023-05-04 19:17:30,102 ] 85 root - INFO - Hypothesis by_000: float64, float64 
[ 2023-05-04 19:17:30,109 ] 85 root - INFO - Hypothesis bz_000: float64, float64 
[ 2023-05-04 19:17:30,115 ] 85 root - INFO - Hypothesis ca_000: float64, float64 
[ 2023-05-04 19:17:30,122 ] 85 root - INFO - Hypothesis cb_000: float64, float64 
[ 2023-05-04 19:17:30,129 ] 85 root - INFO - Hypothesis cc_000: float64, float64 
[ 2023-05-04 19:17:30,136 ] 85 root - INFO - Hypothesis cd_000: float64, float64 
[ 2023-05-04 19:17:30,151 ] 85 root - INFO - Hypothesis ce_000: float64, float64 
[ 2023-05-04 19:17:30,158 ] 85 root - INFO - Hypothesis ci_000: float64, float64 
[ 2023-05-04 19:17:30,165 ] 85 root - INFO - Hypothesis cj_000: float64, float64 
[ 2023-05-04 19:17:30,169 ] 85 root - INFO - Hypothesis ck_000: float64, float64 
[ 2023-05-04 19:17:30,176 ] 85 root - INFO - Hypothesis cl_000: float64, float64 
[ 2023-05-04 19:17:30,180 ] 85 root - INFO - Hypothesis cm_000: float64, float64 
[ 2023-05-04 19:17:30,185 ] 85 root - INFO - Hypothesis cn_000: float64, float64 
[ 2023-05-04 19:17:30,200 ] 85 root - INFO - Hypothesis cn_001: float64, float64 
[ 2023-05-04 19:17:30,216 ] 85 root - INFO - Hypothesis cn_002: float64, float64 
[ 2023-05-04 19:17:30,222 ] 85 root - INFO - Hypothesis cn_003: float64, float64 
[ 2023-05-04 19:17:30,229 ] 85 root - INFO - Hypothesis cn_004: float64, float64 
[ 2023-05-04 19:17:30,236 ] 85 root - INFO - Hypothesis cn_005: float64, float64 
[ 2023-05-04 19:17:30,243 ] 85 root - INFO - Hypothesis cn_006: float64, float64 
[ 2023-05-04 19:17:30,249 ] 85 root - INFO - Hypothesis cn_007: float64, float64 
[ 2023-05-04 19:17:30,256 ] 85 root - INFO - Hypothesis cn_008: float64, float64 
[ 2023-05-04 19:17:30,262 ] 85 root - INFO - Hypothesis cn_009: float64, float64 
[ 2023-05-04 19:17:30,267 ] 85 root - INFO - Hypothesis cp_000: float64, float64 
[ 2023-05-04 19:17:30,272 ] 85 root - INFO - Hypothesis cq_000: float64, float64 
[ 2023-05-04 19:17:30,279 ] 85 root - INFO - Hypothesis cs_000: float64, float64 
[ 2023-05-04 19:17:30,286 ] 85 root - INFO - Hypothesis cs_001: float64, float64 
[ 2023-05-04 19:17:30,292 ] 85 root - INFO - Hypothesis cs_002: float64, float64 
[ 2023-05-04 19:17:30,299 ] 85 root - INFO - Hypothesis cs_003: float64, float64 
[ 2023-05-04 19:17:30,305 ] 85 root - INFO - Hypothesis cs_004: float64, float64 
[ 2023-05-04 19:17:30,312 ] 85 root - INFO - Hypothesis cs_005: float64, float64 
[ 2023-05-04 19:17:30,319 ] 85 root - INFO - Hypothesis cs_006: float64, float64 
[ 2023-05-04 19:17:30,326 ] 85 root - INFO - Hypothesis cs_007: float64, float64 
[ 2023-05-04 19:17:30,333 ] 85 root - INFO - Hypothesis cs_008: float64, float64 
[ 2023-05-04 19:17:30,339 ] 85 root - INFO - Hypothesis cs_009: float64, float64 
[ 2023-05-04 19:17:30,354 ] 85 root - INFO - Hypothesis dd_000: float64, float64 
[ 2023-05-04 19:17:30,360 ] 85 root - INFO - Hypothesis de_000: float64, float64 
[ 2023-05-04 19:17:30,366 ] 85 root - INFO - Hypothesis df_000: float64, float64 
[ 2023-05-04 19:17:30,381 ] 85 root - INFO - Hypothesis dg_000: float64, float64 
[ 2023-05-04 19:17:30,397 ] 85 root - INFO - Hypothesis dh_000: float64, float64 
[ 2023-05-04 19:17:30,401 ] 85 root - INFO - Hypothesis di_000: float64, float64 
[ 2023-05-04 19:17:30,405 ] 85 root - INFO - Hypothesis dj_000: float64, float64 
[ 2023-05-04 19:17:30,421 ] 85 root - INFO - Hypothesis dk_000: float64, float64 
[ 2023-05-04 19:17:30,436 ] 85 root - INFO - Hypothesis dl_000: float64, float64 
[ 2023-05-04 19:17:30,452 ] 85 root - INFO - Hypothesis dm_000: float64, float64 
[ 2023-05-04 19:17:30,468 ] 85 root - INFO - Hypothesis dn_000: float64, float64 
[ 2023-05-04 19:17:30,475 ] 85 root - INFO - Hypothesis do_000: float64, float64 
[ 2023-05-04 19:17:30,481 ] 85 root - INFO - Hypothesis dp_000: float64, float64 
[ 2023-05-04 19:17:30,487 ] 85 root - INFO - Hypothesis dq_000: float64, float64 
[ 2023-05-04 19:17:30,491 ] 85 root - INFO - Hypothesis dr_000: float64, float64 
[ 2023-05-04 19:17:30,496 ] 85 root - INFO - Hypothesis ds_000: float64, float64 
[ 2023-05-04 19:17:30,502 ] 85 root - INFO - Hypothesis dt_000: float64, float64 
[ 2023-05-04 19:17:30,509 ] 85 root - INFO - Hypothesis du_000: float64, float64 
[ 2023-05-04 19:17:30,528 ] 85 root - INFO - Hypothesis dv_000: float64, float64 
[ 2023-05-04 19:17:30,545 ] 85 root - INFO - Hypothesis dx_000: float64, float64 
[ 2023-05-04 19:17:30,550 ] 85 root - INFO - Hypothesis dy_000: float64, float64 
[ 2023-05-04 19:17:30,555 ] 85 root - INFO - Hypothesis dz_000: float64, float64 
[ 2023-05-04 19:17:30,570 ] 85 root - INFO - Hypothesis ea_000: float64, float64 
[ 2023-05-04 19:17:30,586 ] 85 root - INFO - Hypothesis eb_000: float64, float64 
[ 2023-05-04 19:17:30,592 ] 85 root - INFO - Hypothesis ec_00: float64, float64 
[ 2023-05-04 19:17:30,598 ] 85 root - INFO - Hypothesis ed_000: float64, float64 
[ 2023-05-04 19:17:30,604 ] 85 root - INFO - Hypothesis ee_000: float64, float64 
[ 2023-05-04 19:17:30,611 ] 85 root - INFO - Hypothesis ee_001: float64, float64 
[ 2023-05-04 19:17:30,619 ] 85 root - INFO - Hypothesis ee_002: float64, float64 
[ 2023-05-04 19:17:30,626 ] 85 root - INFO - Hypothesis ee_003: float64, float64 
[ 2023-05-04 19:17:30,633 ] 85 root - INFO - Hypothesis ee_004: float64, float64 
[ 2023-05-04 19:17:30,640 ] 85 root - INFO - Hypothesis ee_005: float64, float64 
[ 2023-05-04 19:17:30,647 ] 85 root - INFO - Hypothesis ee_006: float64, float64 
[ 2023-05-04 19:17:30,654 ] 85 root - INFO - Hypothesis ee_007: float64, float64 
[ 2023-05-04 19:17:30,660 ] 85 root - INFO - Hypothesis ee_008: float64, float64 
[ 2023-05-04 19:17:30,667 ] 85 root - INFO - Hypothesis ee_009: float64, float64 
[ 2023-05-04 19:17:30,672 ] 85 root - INFO - Hypothesis ef_000: float64, float64 
[ 2023-05-04 19:17:30,688 ] 85 root - INFO - Hypothesis eg_000: float64, float64 
[ 2023-05-04 19:17:30,703 ] 144 root - INFO - Write reprt in yaml file
[ 2023-05-04 19:17:30,772 ] 149 root - INFO - Data validation artifact: DataValidationArtifact(report_file_path='/config/workspace/artifact/05042023__191713/data_validation/report.yaml')
