[ 2023-05-04 19:13:06,128 ] 21 root - INFO - Exporting collection data as pandas dataframe
[ 2023-05-04 19:13:06,128 ] 19 root - INFO - Reading from aps database and sensor1 collection
[ 2023-05-04 19:13:09,477 ] 21 root - INFO - foundIndex(['_id', 'class', 'aa_000', 'ab_000', 'ac_000', 'ad_000', 'ae_000',
       'af_000', 'ag_000', 'ag_001',
       ...
       'ee_002', 'ee_003', 'ee_004', 'ee_005', 'ee_006', 'ee_007', 'ee_008',
       'ee_009', 'ef_000', 'eg_000'],
      dtype='object', length=172) columns
[ 2023-05-04 19:13:09,478 ] 23 root - INFO - Dropping _id column
[ 2023-05-04 19:13:09,674 ] 25 root - INFO - (36188, 171) are rown and columns in the dataframe df
[ 2023-05-04 19:13:09,674 ] 27 root - INFO - Save data in feature store
[ 2023-05-04 19:13:11,048 ] 33 root - INFO - Create feature store folder if not available
[ 2023-05-04 19:13:11,049 ] 37 root - INFO - Save df to feature store folder
[ 2023-05-04 19:13:13,008 ] 42 root - INFO - split dataset into train and test set
[ 2023-05-04 19:13:13,429 ] 46 root - INFO - create dataset directory folder if not available
[ 2023-05-04 19:13:13,429 ] 51 root - INFO - Save df to feature store folder
[ 2023-05-04 19:13:15,407 ] 63 root - INFO - Data ingestion artifact: DataIngestionArtifact(feature_store_file_path='/config/workspace/artifact/05042023__191306/data_ingestion/feature store/sensor1.csv', train_file_path='/config/workspace/artifact/05042023__191306/data_ingestion/dataset/train.csv', test_file_path='/config/workspace/artifact/05042023__191306/data_ingestion/dataset/test.csv')
[ 2023-05-04 19:13:15,888 ] 17 root - INFO - >>>>>>>>>>>>>>>>>>>>>>>>>>>>>>>>>>>>>>>> Data Validation <<<<<<<<<<<<<<<<<<<<<<<<<<<<<<<<<<<<<<<<
[ 2023-05-04 19:13:15,888 ] 106 root - INFO - Reading base dataframe
[ 2023-05-04 19:13:18,162 ] 109 root - INFO - Replace na value in base df
[ 2023-05-04 19:13:18,162 ] 111 root - INFO - Drop null values colums from base df
[ 2023-05-04 19:13:18,382 ] 40 root - INFO - selecting column name which contains null above to 0.2
[ 2023-05-04 19:13:18,383 ] 43 root - INFO - Columns to drop: ['ab_000', 'ad_000', 'bk_000', 'bl_000', 'bm_000', 'bn_000', 'bo_000', 'bp_000', 'bq_000', 'br_000', 'cf_000', 'cg_000', 'ch_000', 'co_000', 'cr_000', 'ct_000', 'cu_000', 'cv_000', 'cx_000', 'cy_000', 'cz_000', 'da_000', 'db_000', 'dc_000']
[ 2023-05-04 19:13:18,461 ] 114 root - INFO - Reading train dataframe
[ 2023-05-04 19:13:18,851 ] 116 root - INFO - Reading test dataframe
[ 2023-05-04 19:13:18,949 ] 119 root - INFO - Drop null values colums from train df
[ 2023-05-04 19:13:18,957 ] 40 root - INFO - selecting column name which contains null above to 0.2
[ 2023-05-04 19:13:18,957 ] 43 root - INFO - Columns to drop: ['ab_000', 'ad_000', 'bk_000', 'bl_000', 'bm_000', 'bn_000', 'bo_000', 'bp_000', 'bq_000', 'br_000', 'cf_000', 'cg_000', 'ch_000', 'co_000', 'cr_000', 'ct_000', 'cu_000', 'cv_000', 'cx_000', 'cy_000', 'cz_000', 'da_000', 'db_000', 'dc_000']
[ 2023-05-04 19:13:18,966 ] 121 root - INFO - Drop null values colums from test df
[ 2023-05-04 19:13:18,969 ] 40 root - INFO - selecting column name which contains null above to 0.2
[ 2023-05-04 19:13:18,970 ] 43 root - INFO - Columns to drop: ['ab_000', 'ad_000', 'bk_000', 'bl_000', 'bm_000', 'bn_000', 'bo_000', 'bp_000', 'bq_000', 'br_000', 'cf_000', 'cg_000', 'ch_000', 'co_000', 'cr_000', 'ct_000', 'cu_000', 'cv_000', 'cx_000', 'cy_000', 'cz_000', 'da_000', 'db_000', 'dc_000']
