[ 2023-05-05 09:12:08,266 ] 21 root - INFO - Exporting collection data as pandas dataframe
[ 2023-05-05 09:12:08,266 ] 22 root - INFO - Reading from aps database and sensor1 collection
[ 2023-05-05 09:12:12,091 ] 24 root - INFO - foundIndex(['_id', 'class', 'aa_000', 'ab_000', 'ac_000', 'ad_000', 'ae_000',
       'af_000', 'ag_000', 'ag_001',
       ...
       'ee_002', 'ee_003', 'ee_004', 'ee_005', 'ee_006', 'ee_007', 'ee_008',
       'ee_009', 'ef_000', 'eg_000'],
      dtype='object', length=172) columns
[ 2023-05-05 09:12:12,092 ] 26 root - INFO - Dropping _id column
[ 2023-05-05 09:12:12,284 ] 28 root - INFO - (36188, 171) are rown and columns in the dataframe df
[ 2023-05-05 09:12:12,285 ] 27 root - INFO - Save data in feature store
[ 2023-05-05 09:12:13,681 ] 33 root - INFO - Create feature store folder if not available
[ 2023-05-05 09:12:13,682 ] 37 root - INFO - Save df to feature store folder
[ 2023-05-05 09:12:15,577 ] 42 root - INFO - split dataset into train and test set
[ 2023-05-05 09:12:15,905 ] 46 root - INFO - create dataset directory folder if not available
[ 2023-05-05 09:12:15,906 ] 51 root - INFO - Save df to feature store folder
[ 2023-05-05 09:12:17,790 ] 63 root - INFO - Data ingestion artifact: DataIngestionArtifact(feature_store_file_path='/config/workspace/artifact/05052023__091208/data_ingestion/feature store/sensor1.csv', train_file_path='/config/workspace/artifact/05052023__091208/data_ingestion/dataset/train.csv', test_file_path='/config/workspace/artifact/05052023__091208/data_ingestion/dataset/test.csv')
[ 2023-05-05 09:12:18,206 ] 18 root - INFO - >>>>>>>>>>>>>>>>>>>>>>>>>>>>>>>>>>>>>>>> Data Validation <<<<<<<<<<<<<<<<<<<<<<<<<<<<<<<<<<<<<<<<
[ 2023-05-05 09:12:18,206 ] 107 root - INFO - Reading base dataframe
[ 2023-05-05 09:12:20,489 ] 110 root - INFO - Replace na value in base df
[ 2023-05-05 09:12:20,490 ] 112 root - INFO - Drop null values colums from base df
[ 2023-05-05 09:12:20,711 ] 41 root - INFO - selecting column name which contains null above to 0.2
[ 2023-05-05 09:12:20,712 ] 44 root - INFO - Columns to drop: ['ab_000', 'ad_000', 'bk_000', 'bl_000', 'bm_000', 'bn_000', 'bo_000', 'bp_000', 'bq_000', 'br_000', 'cf_000', 'cg_000', 'ch_000', 'co_000', 'cr_000', 'ct_000', 'cu_000', 'cv_000', 'cx_000', 'cy_000', 'cz_000', 'da_000', 'db_000', 'dc_000']
[ 2023-05-05 09:12:20,800 ] 115 root - INFO - Reading train dataframe
[ 2023-05-05 09:12:21,182 ] 117 root - INFO - Reading test dataframe
[ 2023-05-05 09:12:21,281 ] 120 root - INFO - Drop null values colums from train df
[ 2023-05-05 09:12:21,289 ] 41 root - INFO - selecting column name which contains null above to 0.2
[ 2023-05-05 09:12:21,290 ] 44 root - INFO - Columns to drop: ['ab_000', 'ad_000', 'bk_000', 'bl_000', 'bm_000', 'bn_000', 'bo_000', 'bp_000', 'bq_000', 'br_000', 'cf_000', 'cg_000', 'ch_000', 'co_000', 'cr_000', 'ct_000', 'cu_000', 'cv_000', 'cx_000', 'cy_000', 'cz_000', 'da_000', 'db_000', 'dc_000']
[ 2023-05-05 09:12:21,299 ] 122 root - INFO - Drop null values colums from test df
[ 2023-05-05 09:12:21,302 ] 41 root - INFO - selecting column name which contains null above to 0.2
[ 2023-05-05 09:12:21,302 ] 44 root - INFO - Columns to drop: ['ab_000', 'ad_000', 'bk_000', 'bl_000', 'bm_000', 'bn_000', 'bo_000', 'bp_000', 'bq_000', 'br_000', 'cf_000', 'cg_000', 'ch_000', 'co_000', 'cr_000', 'ct_000', 'cu_000', 'cv_000', 'cx_000', 'cy_000', 'cz_000', 'da_000', 'db_000', 'dc_000']
[ 2023-05-05 09:12:22,113 ] 131 root - INFO - Is all required columns present in train df
[ 2023-05-05 09:12:22,114 ] 133 root - INFO - Is all required columns present in test df
[ 2023-05-05 09:12:22,114 ] 137 root - INFO - As all column are available in train df hence detecting data drift
[ 2023-05-05 09:12:22,114 ] 85 root - INFO - Hypothesis class: object, object 
[ 2023-05-05 09:12:22,246 ] 85 root - INFO - Hypothesis aa_000: float64, float64 
[ 2023-05-05 09:12:22,257 ] 85 root - INFO - Hypothesis ac_000: float64, float64 
[ 2023-05-05 09:12:22,297 ] 85 root - INFO - Hypothesis ae_000: float64, float64 
[ 2023-05-05 09:12:22,333 ] 85 root - INFO - Hypothesis af_000: float64, float64 
[ 2023-05-05 09:12:22,369 ] 85 root - INFO - Hypothesis ag_000: float64, float64 
[ 2023-05-05 09:12:22,404 ] 85 root - INFO - Hypothesis ag_001: float64, float64 
[ 2023-05-05 09:12:22,440 ] 85 root - INFO - Hypothesis ag_002: float64, float64 
[ 2023-05-05 09:12:22,477 ] 85 root - INFO - Hypothesis ag_003: float64, float64 
[ 2023-05-05 09:12:22,515 ] 85 root - INFO - Hypothesis ag_004: float64, float64 
[ 2023-05-05 09:12:22,525 ] 85 root - INFO - Hypothesis ag_005: float64, float64 
[ 2023-05-05 09:12:22,536 ] 85 root - INFO - Hypothesis ag_006: float64, float64 
[ 2023-05-05 09:12:22,546 ] 85 root - INFO - Hypothesis ag_007: float64, float64 
[ 2023-05-05 09:12:22,556 ] 85 root - INFO - Hypothesis ag_008: float64, float64 
[ 2023-05-05 09:12:22,565 ] 85 root - INFO - Hypothesis ag_009: float64, float64 
[ 2023-05-05 09:12:22,572 ] 85 root - INFO - Hypothesis ah_000: float64, float64 
[ 2023-05-05 09:12:22,582 ] 85 root - INFO - Hypothesis ai_000: float64, float64 
[ 2023-05-05 09:12:22,619 ] 85 root - INFO - Hypothesis aj_000: float64, float64 
[ 2023-05-05 09:12:22,657 ] 85 root - INFO - Hypothesis ak_000: float64, float64 
[ 2023-05-05 09:12:22,694 ] 85 root - INFO - Hypothesis al_000: float64, float64 
[ 2023-05-05 09:12:22,734 ] 85 root - INFO - Hypothesis am_0: float64, float64 
[ 2023-05-05 09:12:22,772 ] 85 root - INFO - Hypothesis an_000: float64, float64 
[ 2023-05-05 09:12:22,783 ] 85 root - INFO - Hypothesis ao_000: float64, float64 
[ 2023-05-05 09:12:22,794 ] 85 root - INFO - Hypothesis ap_000: float64, float64 
[ 2023-05-05 09:12:22,804 ] 85 root - INFO - Hypothesis aq_000: float64, float64 
[ 2023-05-05 09:12:22,815 ] 85 root - INFO - Hypothesis ar_000: float64, float64 
[ 2023-05-05 09:12:22,851 ] 85 root - INFO - Hypothesis as_000: float64, float64 
[ 2023-05-05 09:12:22,887 ] 85 root - INFO - Hypothesis at_000: float64, float64 
[ 2023-05-05 09:12:22,924 ] 85 root - INFO - Hypothesis au_000: float64, float64 
[ 2023-05-05 09:12:22,959 ] 85 root - INFO - Hypothesis av_000: float64, float64 
[ 2023-05-05 09:12:22,999 ] 85 root - INFO - Hypothesis ax_000: float64, float64 
[ 2023-05-05 09:12:23,039 ] 85 root - INFO - Hypothesis ay_000: float64, float64 
[ 2023-05-05 09:12:23,075 ] 85 root - INFO - Hypothesis ay_001: float64, float64 
[ 2023-05-05 09:12:23,111 ] 85 root - INFO - Hypothesis ay_002: float64, float64 
[ 2023-05-05 09:12:23,147 ] 85 root - INFO - Hypothesis ay_003: float64, float64 
[ 2023-05-05 09:12:23,182 ] 85 root - INFO - Hypothesis ay_004: float64, float64 
[ 2023-05-05 09:12:23,219 ] 85 root - INFO - Hypothesis ay_005: float64, float64 
[ 2023-05-05 09:12:23,227 ] 85 root - INFO - Hypothesis ay_006: float64, float64 
[ 2023-05-05 09:12:23,236 ] 85 root - INFO - Hypothesis ay_007: float64, float64 
[ 2023-05-05 09:12:23,246 ] 85 root - INFO - Hypothesis ay_008: float64, float64 
[ 2023-05-05 09:12:23,256 ] 85 root - INFO - Hypothesis ay_009: float64, float64 
[ 2023-05-05 09:12:23,292 ] 85 root - INFO - Hypothesis az_000: float64, float64 
[ 2023-05-05 09:12:23,302 ] 85 root - INFO - Hypothesis az_001: float64, float64 
[ 2023-05-05 09:12:23,311 ] 85 root - INFO - Hypothesis az_002: float64, float64 
[ 2023-05-05 09:12:23,321 ] 85 root - INFO - Hypothesis az_003: float64, float64 
[ 2023-05-05 09:12:23,331 ] 85 root - INFO - Hypothesis az_004: float64, float64 
[ 2023-05-05 09:12:23,341 ] 85 root - INFO - Hypothesis az_005: float64, float64 
[ 2023-05-05 09:12:23,352 ] 85 root - INFO - Hypothesis az_006: float64, float64 
[ 2023-05-05 09:12:23,361 ] 85 root - INFO - Hypothesis az_007: float64, float64 
[ 2023-05-05 09:12:23,367 ] 85 root - INFO - Hypothesis az_008: float64, float64 
[ 2023-05-05 09:12:23,404 ] 85 root - INFO - Hypothesis az_009: float64, float64 
[ 2023-05-05 09:12:23,440 ] 85 root - INFO - Hypothesis ba_000: float64, float64 
[ 2023-05-05 09:12:23,450 ] 85 root - INFO - Hypothesis ba_001: float64, float64 
[ 2023-05-05 09:12:23,461 ] 85 root - INFO - Hypothesis ba_002: float64, float64 
[ 2023-05-05 09:12:23,471 ] 85 root - INFO - Hypothesis ba_003: float64, float64 
[ 2023-05-05 09:12:23,481 ] 85 root - INFO - Hypothesis ba_004: float64, float64 
[ 2023-05-05 09:12:23,491 ] 85 root - INFO - Hypothesis ba_005: float64, float64 
[ 2023-05-05 09:12:23,501 ] 85 root - INFO - Hypothesis ba_006: float64, float64 
[ 2023-05-05 09:12:23,511 ] 85 root - INFO - Hypothesis ba_007: float64, float64 
[ 2023-05-05 09:12:23,521 ] 85 root - INFO - Hypothesis ba_008: float64, float64 
[ 2023-05-05 09:12:23,529 ] 85 root - INFO - Hypothesis ba_009: float64, float64 
[ 2023-05-05 09:12:23,536 ] 85 root - INFO - Hypothesis bb_000: float64, float64 
[ 2023-05-05 09:12:23,547 ] 85 root - INFO - Hypothesis bc_000: float64, float64 
[ 2023-05-05 09:12:23,587 ] 85 root - INFO - Hypothesis bd_000: float64, float64 
[ 2023-05-05 09:12:23,596 ] 85 root - INFO - Hypothesis be_000: float64, float64 
[ 2023-05-05 09:12:23,605 ] 85 root - INFO - Hypothesis bf_000: float64, float64 
[ 2023-05-05 09:12:23,611 ] 85 root - INFO - Hypothesis bg_000: float64, float64 
[ 2023-05-05 09:12:23,622 ] 85 root - INFO - Hypothesis bh_000: float64, float64 
[ 2023-05-05 09:12:23,632 ] 85 root - INFO - Hypothesis bi_000: float64, float64 
[ 2023-05-05 09:12:23,643 ] 85 root - INFO - Hypothesis bj_000: float64, float64 
[ 2023-05-05 09:12:23,654 ] 85 root - INFO - Hypothesis bs_000: float64, float64 
[ 2023-05-05 09:12:23,664 ] 85 root - INFO - Hypothesis bt_000: float64, float64 
[ 2023-05-05 09:12:23,675 ] 85 root - INFO - Hypothesis bu_000: float64, float64 
[ 2023-05-05 09:12:23,685 ] 85 root - INFO - Hypothesis bv_000: float64, float64 
[ 2023-05-05 09:12:23,696 ] 85 root - INFO - Hypothesis bx_000: float64, float64 
[ 2023-05-05 09:12:23,706 ] 85 root - INFO - Hypothesis by_000: float64, float64 
[ 2023-05-05 09:12:23,716 ] 85 root - INFO - Hypothesis bz_000: float64, float64 
[ 2023-05-05 09:12:23,725 ] 85 root - INFO - Hypothesis ca_000: float64, float64 
[ 2023-05-05 09:12:23,736 ] 85 root - INFO - Hypothesis cb_000: float64, float64 
[ 2023-05-05 09:12:23,747 ] 85 root - INFO - Hypothesis cc_000: float64, float64 
[ 2023-05-05 09:12:23,757 ] 85 root - INFO - Hypothesis cd_000: float64, float64 
[ 2023-05-05 09:12:23,794 ] 85 root - INFO - Hypothesis ce_000: float64, float64 
[ 2023-05-05 09:12:23,805 ] 85 root - INFO - Hypothesis ci_000: float64, float64 
[ 2023-05-05 09:12:23,815 ] 85 root - INFO - Hypothesis cj_000: float64, float64 
[ 2023-05-05 09:12:23,854 ] 85 root - INFO - Hypothesis ck_000: float64, float64 
[ 2023-05-05 09:12:23,865 ] 85 root - INFO - Hypothesis cl_000: float64, float64 
[ 2023-05-05 09:12:23,871 ] 85 root - INFO - Hypothesis cm_000: float64, float64 
[ 2023-05-05 09:12:23,910 ] 85 root - INFO - Hypothesis cn_000: float64, float64 
[ 2023-05-05 09:12:23,946 ] 85 root - INFO - Hypothesis cn_001: float64, float64 
[ 2023-05-05 09:12:23,983 ] 85 root - INFO - Hypothesis cn_002: float64, float64 
[ 2023-05-05 09:12:24,023 ] 85 root - INFO - Hypothesis cn_003: float64, float64 
[ 2023-05-05 09:12:24,034 ] 85 root - INFO - Hypothesis cn_004: float64, float64 
[ 2023-05-05 09:12:24,044 ] 85 root - INFO - Hypothesis cn_005: float64, float64 
[ 2023-05-05 09:12:24,055 ] 85 root - INFO - Hypothesis cn_006: float64, float64 
[ 2023-05-05 09:12:24,066 ] 85 root - INFO - Hypothesis cn_007: float64, float64 
[ 2023-05-05 09:12:24,076 ] 85 root - INFO - Hypothesis cn_008: float64, float64 
[ 2023-05-05 09:12:24,085 ] 85 root - INFO - Hypothesis cn_009: float64, float64 
[ 2023-05-05 09:12:24,093 ] 85 root - INFO - Hypothesis cp_000: float64, float64 
[ 2023-05-05 09:12:24,101 ] 85 root - INFO - Hypothesis cq_000: float64, float64 
[ 2023-05-05 09:12:24,111 ] 85 root - INFO - Hypothesis cs_000: float64, float64 
[ 2023-05-05 09:12:24,121 ] 85 root - INFO - Hypothesis cs_001: float64, float64 
[ 2023-05-05 09:12:24,130 ] 85 root - INFO - Hypothesis cs_002: float64, float64 
[ 2023-05-05 09:12:24,140 ] 85 root - INFO - Hypothesis cs_003: float64, float64 
[ 2023-05-05 09:12:24,150 ] 85 root - INFO - Hypothesis cs_004: float64, float64 
[ 2023-05-05 09:12:24,161 ] 85 root - INFO - Hypothesis cs_005: float64, float64 
[ 2023-05-05 09:12:24,171 ] 85 root - INFO - Hypothesis cs_006: float64, float64 
[ 2023-05-05 09:12:24,182 ] 85 root - INFO - Hypothesis cs_007: float64, float64 
[ 2023-05-05 09:12:24,192 ] 85 root - INFO - Hypothesis cs_008: float64, float64 
[ 2023-05-05 09:12:24,232 ] 85 root - INFO - Hypothesis cs_009: float64, float64 
[ 2023-05-05 09:12:24,268 ] 85 root - INFO - Hypothesis dd_000: float64, float64 
[ 2023-05-05 09:12:24,277 ] 85 root - INFO - Hypothesis de_000: float64, float64 
[ 2023-05-05 09:12:24,285 ] 85 root - INFO - Hypothesis df_000: float64, float64 
[ 2023-05-05 09:12:24,322 ] 85 root - INFO - Hypothesis dg_000: float64, float64 
[ 2023-05-05 09:12:24,358 ] 85 root - INFO - Hypothesis dh_000: float64, float64 
[ 2023-05-05 09:12:24,395 ] 85 root - INFO - Hypothesis di_000: float64, float64 
[ 2023-05-05 09:12:24,434 ] 85 root - INFO - Hypothesis dj_000: float64, float64 
[ 2023-05-05 09:12:24,470 ] 85 root - INFO - Hypothesis dk_000: float64, float64 
[ 2023-05-05 09:12:24,507 ] 85 root - INFO - Hypothesis dl_000: float64, float64 
[ 2023-05-05 09:12:24,543 ] 85 root - INFO - Hypothesis dm_000: float64, float64 
[ 2023-05-05 09:12:24,579 ] 85 root - INFO - Hypothesis dn_000: float64, float64 
[ 2023-05-05 09:12:24,590 ] 85 root - INFO - Hypothesis do_000: float64, float64 
[ 2023-05-05 09:12:24,599 ] 85 root - INFO - Hypothesis dp_000: float64, float64 
[ 2023-05-05 09:12:24,608 ] 85 root - INFO - Hypothesis dq_000: float64, float64 
[ 2023-05-05 09:12:24,615 ] 85 root - INFO - Hypothesis dr_000: float64, float64 
[ 2023-05-05 09:12:24,621 ] 85 root - INFO - Hypothesis ds_000: float64, float64 
[ 2023-05-05 09:12:24,631 ] 85 root - INFO - Hypothesis dt_000: float64, float64 
[ 2023-05-05 09:12:24,641 ] 85 root - INFO - Hypothesis du_000: float64, float64 
[ 2023-05-05 09:12:24,651 ] 85 root - INFO - Hypothesis dv_000: float64, float64 
[ 2023-05-05 09:12:24,661 ] 85 root - INFO - Hypothesis dx_000: float64, float64 
[ 2023-05-05 09:12:24,700 ] 85 root - INFO - Hypothesis dy_000: float64, float64 
[ 2023-05-05 09:12:24,707 ] 85 root - INFO - Hypothesis dz_000: float64, float64 
[ 2023-05-05 09:12:24,743 ] 85 root - INFO - Hypothesis ea_000: float64, float64 
[ 2023-05-05 09:12:24,778 ] 85 root - INFO - Hypothesis eb_000: float64, float64 
[ 2023-05-05 09:12:24,787 ] 85 root - INFO - Hypothesis ec_00: float64, float64 
[ 2023-05-05 09:12:24,797 ] 85 root - INFO - Hypothesis ed_000: float64, float64 
[ 2023-05-05 09:12:24,806 ] 85 root - INFO - Hypothesis ee_000: float64, float64 
[ 2023-05-05 09:12:24,816 ] 85 root - INFO - Hypothesis ee_001: float64, float64 
[ 2023-05-05 09:12:24,827 ] 85 root - INFO - Hypothesis ee_002: float64, float64 
[ 2023-05-05 09:12:24,837 ] 85 root - INFO - Hypothesis ee_003: float64, float64 
[ 2023-05-05 09:12:24,848 ] 85 root - INFO - Hypothesis ee_004: float64, float64 
[ 2023-05-05 09:12:24,858 ] 85 root - INFO - Hypothesis ee_005: float64, float64 
[ 2023-05-05 09:12:24,869 ] 85 root - INFO - Hypothesis ee_006: float64, float64 
[ 2023-05-05 09:12:24,879 ] 85 root - INFO - Hypothesis ee_007: float64, float64 
[ 2023-05-05 09:12:24,888 ] 85 root - INFO - Hypothesis ee_008: float64, float64 
[ 2023-05-05 09:12:24,898 ] 85 root - INFO - Hypothesis ee_009: float64, float64 
[ 2023-05-05 09:12:24,905 ] 85 root - INFO - Hypothesis ef_000: float64, float64 
[ 2023-05-05 09:12:24,941 ] 85 root - INFO - Hypothesis eg_000: float64, float64 
[ 2023-05-05 09:12:24,976 ] 140 root - INFO - As all column are available in test df hence detecting data drift
[ 2023-05-05 09:12:24,977 ] 85 root - INFO - Hypothesis class: object, object 
[ 2023-05-05 09:12:25,051 ] 85 root - INFO - Hypothesis aa_000: float64, float64 
[ 2023-05-05 09:12:25,058 ] 85 root - INFO - Hypothesis ac_000: float64, float64 
[ 2023-05-05 09:12:25,063 ] 85 root - INFO - Hypothesis ae_000: float64, float64 
[ 2023-05-05 09:12:25,078 ] 85 root - INFO - Hypothesis af_000: float64, float64 
[ 2023-05-05 09:12:25,094 ] 85 root - INFO - Hypothesis ag_000: float64, float64 
[ 2023-05-05 09:12:25,109 ] 85 root - INFO - Hypothesis ag_001: float64, float64 
[ 2023-05-05 09:12:25,124 ] 85 root - INFO - Hypothesis ag_002: float64, float64 
[ 2023-05-05 09:12:25,139 ] 85 root - INFO - Hypothesis ag_003: float64, float64 
[ 2023-05-05 09:12:25,143 ] 85 root - INFO - Hypothesis ag_004: float64, float64 
[ 2023-05-05 09:12:25,150 ] 85 root - INFO - Hypothesis ag_005: float64, float64 
[ 2023-05-05 09:12:25,157 ] 85 root - INFO - Hypothesis ag_006: float64, float64 
[ 2023-05-05 09:12:25,165 ] 85 root - INFO - Hypothesis ag_007: float64, float64 
[ 2023-05-05 09:12:25,171 ] 85 root - INFO - Hypothesis ag_008: float64, float64 
[ 2023-05-05 09:12:25,177 ] 85 root - INFO - Hypothesis ag_009: float64, float64 
[ 2023-05-05 09:12:25,182 ] 85 root - INFO - Hypothesis ah_000: float64, float64 
[ 2023-05-05 09:12:25,189 ] 85 root - INFO - Hypothesis ai_000: float64, float64 
[ 2023-05-05 09:12:25,192 ] 85 root - INFO - Hypothesis aj_000: float64, float64 
[ 2023-05-05 09:12:25,196 ] 85 root - INFO - Hypothesis ak_000: float64, float64 
[ 2023-05-05 09:12:25,212 ] 85 root - INFO - Hypothesis al_000: float64, float64 
[ 2023-05-05 09:12:25,217 ] 85 root - INFO - Hypothesis am_0: float64, float64 
[ 2023-05-05 09:12:25,222 ] 85 root - INFO - Hypothesis an_000: float64, float64 
[ 2023-05-05 09:12:25,229 ] 85 root - INFO - Hypothesis ao_000: float64, float64 
[ 2023-05-05 09:12:25,236 ] 85 root - INFO - Hypothesis ap_000: float64, float64 
[ 2023-05-05 09:12:25,243 ] 85 root - INFO - Hypothesis aq_000: float64, float64 
[ 2023-05-05 09:12:25,250 ] 85 root - INFO - Hypothesis ar_000: float64, float64 
[ 2023-05-05 09:12:25,253 ] 85 root - INFO - Hypothesis as_000: float64, float64 
[ 2023-05-05 09:12:25,268 ] 85 root - INFO - Hypothesis at_000: float64, float64 
[ 2023-05-05 09:12:25,284 ] 85 root - INFO - Hypothesis au_000: float64, float64 
[ 2023-05-05 09:12:25,299 ] 85 root - INFO - Hypothesis av_000: float64, float64 
[ 2023-05-05 09:12:25,305 ] 85 root - INFO - Hypothesis ax_000: float64, float64 
[ 2023-05-05 09:12:25,311 ] 85 root - INFO - Hypothesis ay_000: float64, float64 
[ 2023-05-05 09:12:25,326 ] 85 root - INFO - Hypothesis ay_001: float64, float64 
[ 2023-05-05 09:12:25,341 ] 85 root - INFO - Hypothesis ay_002: float64, float64 
[ 2023-05-05 09:12:25,356 ] 85 root - INFO - Hypothesis ay_003: float64, float64 
[ 2023-05-05 09:12:25,372 ] 85 root - INFO - Hypothesis ay_004: float64, float64 
[ 2023-05-05 09:12:25,387 ] 85 root - INFO - Hypothesis ay_005: float64, float64 
[ 2023-05-05 09:12:25,393 ] 85 root - INFO - Hypothesis ay_006: float64, float64 
[ 2023-05-05 09:12:25,399 ] 85 root - INFO - Hypothesis ay_007: float64, float64 
[ 2023-05-05 09:12:25,406 ] 85 root - INFO - Hypothesis ay_008: float64, float64 
[ 2023-05-05 09:12:25,412 ] 85 root - INFO - Hypothesis ay_009: float64, float64 
[ 2023-05-05 09:12:25,427 ] 85 root - INFO - Hypothesis az_000: float64, float64 
[ 2023-05-05 09:12:25,434 ] 85 root - INFO - Hypothesis az_001: float64, float64 
[ 2023-05-05 09:12:25,452 ] 85 root - INFO - Hypothesis az_002: float64, float64 
[ 2023-05-05 09:12:25,468 ] 85 root - INFO - Hypothesis az_003: float64, float64 
[ 2023-05-05 09:12:25,486 ] 85 root - INFO - Hypothesis az_004: float64, float64 
[ 2023-05-05 09:12:25,493 ] 85 root - INFO - Hypothesis az_005: float64, float64 
[ 2023-05-05 09:12:25,500 ] 85 root - INFO - Hypothesis az_006: float64, float64 
[ 2023-05-05 09:12:25,506 ] 85 root - INFO - Hypothesis az_007: float64, float64 
[ 2023-05-05 09:12:25,510 ] 85 root - INFO - Hypothesis az_008: float64, float64 
[ 2023-05-05 09:12:25,526 ] 85 root - INFO - Hypothesis az_009: float64, float64 
[ 2023-05-05 09:12:25,543 ] 85 root - INFO - Hypothesis ba_000: float64, float64 
[ 2023-05-05 09:12:25,550 ] 85 root - INFO - Hypothesis ba_001: float64, float64 
[ 2023-05-05 09:12:25,558 ] 85 root - INFO - Hypothesis ba_002: float64, float64 
[ 2023-05-05 09:12:25,565 ] 85 root - INFO - Hypothesis ba_003: float64, float64 
[ 2023-05-05 09:12:25,572 ] 85 root - INFO - Hypothesis ba_004: float64, float64 
[ 2023-05-05 09:12:25,579 ] 85 root - INFO - Hypothesis ba_005: float64, float64 
[ 2023-05-05 09:12:25,586 ] 85 root - INFO - Hypothesis ba_006: float64, float64 
[ 2023-05-05 09:12:25,593 ] 85 root - INFO - Hypothesis ba_007: float64, float64 
[ 2023-05-05 09:12:25,599 ] 85 root - INFO - Hypothesis ba_008: float64, float64 
[ 2023-05-05 09:12:25,605 ] 85 root - INFO - Hypothesis ba_009: float64, float64 
[ 2023-05-05 09:12:25,609 ] 85 root - INFO - Hypothesis bb_000: float64, float64 
[ 2023-05-05 09:12:25,616 ] 85 root - INFO - Hypothesis bc_000: float64, float64 
[ 2023-05-05 09:12:25,621 ] 85 root - INFO - Hypothesis bd_000: float64, float64 
[ 2023-05-05 09:12:25,627 ] 85 root - INFO - Hypothesis be_000: float64, float64 
[ 2023-05-05 09:12:25,633 ] 85 root - INFO - Hypothesis bf_000: float64, float64 
[ 2023-05-05 09:12:25,638 ] 85 root - INFO - Hypothesis bg_000: float64, float64 
[ 2023-05-05 09:12:25,645 ] 85 root - INFO - Hypothesis bh_000: float64, float64 
[ 2023-05-05 09:12:25,652 ] 85 root - INFO - Hypothesis bi_000: float64, float64 
[ 2023-05-05 09:12:25,659 ] 85 root - INFO - Hypothesis bj_000: float64, float64 
[ 2023-05-05 09:12:25,666 ] 85 root - INFO - Hypothesis bs_000: float64, float64 
[ 2023-05-05 09:12:25,673 ] 85 root - INFO - Hypothesis bt_000: float64, float64 
[ 2023-05-05 09:12:25,680 ] 85 root - INFO - Hypothesis bu_000: float64, float64 
[ 2023-05-05 09:12:25,687 ] 85 root - INFO - Hypothesis bv_000: float64, float64 
[ 2023-05-05 09:12:25,694 ] 85 root - INFO - Hypothesis bx_000: float64, float64 
[ 2023-05-05 09:12:25,701 ] 85 root - INFO - Hypothesis by_000: float64, float64 
[ 2023-05-05 09:12:25,708 ] 85 root - INFO - Hypothesis bz_000: float64, float64 
[ 2023-05-05 09:12:25,714 ] 85 root - INFO - Hypothesis ca_000: float64, float64 
[ 2023-05-05 09:12:25,721 ] 85 root - INFO - Hypothesis cb_000: float64, float64 
[ 2023-05-05 09:12:25,728 ] 85 root - INFO - Hypothesis cc_000: float64, float64 
[ 2023-05-05 09:12:25,735 ] 85 root - INFO - Hypothesis cd_000: float64, float64 
[ 2023-05-05 09:12:25,750 ] 85 root - INFO - Hypothesis ce_000: float64, float64 
[ 2023-05-05 09:12:25,757 ] 85 root - INFO - Hypothesis ci_000: float64, float64 
[ 2023-05-05 09:12:25,763 ] 85 root - INFO - Hypothesis cj_000: float64, float64 
[ 2023-05-05 09:12:25,767 ] 85 root - INFO - Hypothesis ck_000: float64, float64 
[ 2023-05-05 09:12:25,775 ] 85 root - INFO - Hypothesis cl_000: float64, float64 
[ 2023-05-05 09:12:25,779 ] 85 root - INFO - Hypothesis cm_000: float64, float64 
[ 2023-05-05 09:12:25,783 ] 85 root - INFO - Hypothesis cn_000: float64, float64 
[ 2023-05-05 09:12:25,799 ] 85 root - INFO - Hypothesis cn_001: float64, float64 
[ 2023-05-05 09:12:25,815 ] 85 root - INFO - Hypothesis cn_002: float64, float64 
[ 2023-05-05 09:12:25,820 ] 85 root - INFO - Hypothesis cn_003: float64, float64 
[ 2023-05-05 09:12:25,827 ] 85 root - INFO - Hypothesis cn_004: float64, float64 
[ 2023-05-05 09:12:25,837 ] 85 root - INFO - Hypothesis cn_005: float64, float64 
[ 2023-05-05 09:12:25,844 ] 85 root - INFO - Hypothesis cn_006: float64, float64 
[ 2023-05-05 09:12:25,851 ] 85 root - INFO - Hypothesis cn_007: float64, float64 
[ 2023-05-05 09:12:25,858 ] 85 root - INFO - Hypothesis cn_008: float64, float64 
[ 2023-05-05 09:12:25,864 ] 85 root - INFO - Hypothesis cn_009: float64, float64 
[ 2023-05-05 09:12:25,869 ] 85 root - INFO - Hypothesis cp_000: float64, float64 
[ 2023-05-05 09:12:25,874 ] 85 root - INFO - Hypothesis cq_000: float64, float64 
[ 2023-05-05 09:12:25,882 ] 85 root - INFO - Hypothesis cs_000: float64, float64 
[ 2023-05-05 09:12:25,888 ] 85 root - INFO - Hypothesis cs_001: float64, float64 
[ 2023-05-05 09:12:25,894 ] 85 root - INFO - Hypothesis cs_002: float64, float64 
[ 2023-05-05 09:12:25,901 ] 85 root - INFO - Hypothesis cs_003: float64, float64 
[ 2023-05-05 09:12:25,908 ] 85 root - INFO - Hypothesis cs_004: float64, float64 
[ 2023-05-05 09:12:25,915 ] 85 root - INFO - Hypothesis cs_005: float64, float64 
[ 2023-05-05 09:12:25,922 ] 85 root - INFO - Hypothesis cs_006: float64, float64 
[ 2023-05-05 09:12:25,930 ] 85 root - INFO - Hypothesis cs_007: float64, float64 
[ 2023-05-05 09:12:25,937 ] 85 root - INFO - Hypothesis cs_008: float64, float64 
[ 2023-05-05 09:12:25,942 ] 85 root - INFO - Hypothesis cs_009: float64, float64 
[ 2023-05-05 09:12:25,957 ] 85 root - INFO - Hypothesis dd_000: float64, float64 
[ 2023-05-05 09:12:25,964 ] 85 root - INFO - Hypothesis de_000: float64, float64 
[ 2023-05-05 09:12:25,969 ] 85 root - INFO - Hypothesis df_000: float64, float64 
[ 2023-05-05 09:12:25,985 ] 85 root - INFO - Hypothesis dg_000: float64, float64 
[ 2023-05-05 09:12:26,000 ] 85 root - INFO - Hypothesis dh_000: float64, float64 
[ 2023-05-05 09:12:26,004 ] 85 root - INFO - Hypothesis di_000: float64, float64 
[ 2023-05-05 09:12:26,008 ] 85 root - INFO - Hypothesis dj_000: float64, float64 
[ 2023-05-05 09:12:26,024 ] 85 root - INFO - Hypothesis dk_000: float64, float64 
[ 2023-05-05 09:12:26,039 ] 85 root - INFO - Hypothesis dl_000: float64, float64 
[ 2023-05-05 09:12:26,054 ] 85 root - INFO - Hypothesis dm_000: float64, float64 
[ 2023-05-05 09:12:26,070 ] 85 root - INFO - Hypothesis dn_000: float64, float64 
[ 2023-05-05 09:12:26,077 ] 85 root - INFO - Hypothesis do_000: float64, float64 
[ 2023-05-05 09:12:26,083 ] 85 root - INFO - Hypothesis dp_000: float64, float64 
[ 2023-05-05 09:12:26,089 ] 85 root - INFO - Hypothesis dq_000: float64, float64 
[ 2023-05-05 09:12:26,093 ] 85 root - INFO - Hypothesis dr_000: float64, float64 
[ 2023-05-05 09:12:26,098 ] 85 root - INFO - Hypothesis ds_000: float64, float64 
[ 2023-05-05 09:12:26,104 ] 85 root - INFO - Hypothesis dt_000: float64, float64 
[ 2023-05-05 09:12:26,111 ] 85 root - INFO - Hypothesis du_000: float64, float64 
[ 2023-05-05 09:12:26,118 ] 85 root - INFO - Hypothesis dv_000: float64, float64 
[ 2023-05-05 09:12:26,125 ] 85 root - INFO - Hypothesis dx_000: float64, float64 
[ 2023-05-05 09:12:26,129 ] 85 root - INFO - Hypothesis dy_000: float64, float64 
[ 2023-05-05 09:12:26,134 ] 85 root - INFO - Hypothesis dz_000: float64, float64 
[ 2023-05-05 09:12:26,149 ] 85 root - INFO - Hypothesis ea_000: float64, float64 
[ 2023-05-05 09:12:26,165 ] 85 root - INFO - Hypothesis eb_000: float64, float64 
[ 2023-05-05 09:12:26,171 ] 85 root - INFO - Hypothesis ec_00: float64, float64 
[ 2023-05-05 09:12:26,178 ] 85 root - INFO - Hypothesis ed_000: float64, float64 
[ 2023-05-05 09:12:26,184 ] 85 root - INFO - Hypothesis ee_000: float64, float64 
[ 2023-05-05 09:12:26,191 ] 85 root - INFO - Hypothesis ee_001: float64, float64 
[ 2023-05-05 09:12:26,199 ] 85 root - INFO - Hypothesis ee_002: float64, float64 
[ 2023-05-05 09:12:26,206 ] 85 root - INFO - Hypothesis ee_003: float64, float64 
[ 2023-05-05 09:12:26,213 ] 85 root - INFO - Hypothesis ee_004: float64, float64 
[ 2023-05-05 09:12:26,220 ] 85 root - INFO - Hypothesis ee_005: float64, float64 
[ 2023-05-05 09:12:26,226 ] 85 root - INFO - Hypothesis ee_006: float64, float64 
[ 2023-05-05 09:12:26,233 ] 85 root - INFO - Hypothesis ee_007: float64, float64 
[ 2023-05-05 09:12:26,240 ] 85 root - INFO - Hypothesis ee_008: float64, float64 
[ 2023-05-05 09:12:26,246 ] 85 root - INFO - Hypothesis ee_009: float64, float64 
[ 2023-05-05 09:12:26,251 ] 85 root - INFO - Hypothesis ef_000: float64, float64 
[ 2023-05-05 09:12:26,266 ] 85 root - INFO - Hypothesis eg_000: float64, float64 
[ 2023-05-05 09:12:26,281 ] 144 root - INFO - Write reprt in yaml file
[ 2023-05-05 09:12:26,350 ] 149 root - INFO - Data validation artifact: DataValidationArtifact(report_file_path='/config/workspace/artifact/05052023__091208/data_validation/report.yaml')
