[ 2023-05-06 10:29:40,622 ] 21 root - INFO - Exporting collection data as pandas dataframe
[ 2023-05-06 10:29:40,622 ] 22 root - INFO - Reading from aps database and sensor1 collection
[ 2023-05-06 10:29:46,060 ] 24 root - INFO - foundIndex(['_id', 'class', 'aa_000', 'ab_000', 'ac_000', 'ad_000', 'ae_000',
       'af_000', 'ag_000', 'ag_001',
       ...
       'ee_002', 'ee_003', 'ee_004', 'ee_005', 'ee_006', 'ee_007', 'ee_008',
       'ee_009', 'ef_000', 'eg_000'],
      dtype='object', length=172) columns
[ 2023-05-06 10:29:46,060 ] 26 root - INFO - Dropping _id column
[ 2023-05-06 10:29:46,297 ] 28 root - INFO - (36188, 171) are rown and columns in the dataframe df
[ 2023-05-06 10:29:46,297 ] 27 root - INFO - Save data in feature store
[ 2023-05-06 10:29:47,759 ] 33 root - INFO - Create feature store folder if not available
[ 2023-05-06 10:29:47,760 ] 37 root - INFO - Save df to feature store folder
[ 2023-05-06 10:29:49,674 ] 42 root - INFO - split dataset into train and test set
[ 2023-05-06 10:29:50,035 ] 46 root - INFO - create dataset directory folder if not available
[ 2023-05-06 10:29:50,036 ] 51 root - INFO - Save df to feature store folder
[ 2023-05-06 10:29:51,928 ] 63 root - INFO - Data ingestion artifact: DataIngestionArtifact(feature_store_file_path='/config/workspace/artifact/05062023__102940/data_ingestion/feature store/sensor1.csv', train_file_path='/config/workspace/artifact/05062023__102940/data_ingestion/dataset/train.csv', test_file_path='/config/workspace/artifact/05062023__102940/data_ingestion/dataset/test.csv')
[ 2023-05-06 10:29:52,322 ] 18 root - INFO - >>>>>>>>>>>>>>>>>>>>>>>>>>>>>>>>>>>>>>>> Data Validation <<<<<<<<<<<<<<<<<<<<<<<<<<<<<<<<<<<<<<<<
[ 2023-05-06 10:29:52,323 ] 107 root - INFO - Reading base dataframe
[ 2023-05-06 10:29:54,650 ] 110 root - INFO - Replace na value in base df
[ 2023-05-06 10:29:54,650 ] 112 root - INFO - Drop null values colums from base df
[ 2023-05-06 10:29:54,870 ] 41 root - INFO - selecting column name which contains null above to 0.2
[ 2023-05-06 10:29:54,870 ] 44 root - INFO - Columns to drop: ['ab_000', 'ad_000', 'bk_000', 'bl_000', 'bm_000', 'bn_000', 'bo_000', 'bp_000', 'bq_000', 'br_000', 'cf_000', 'cg_000', 'ch_000', 'co_000', 'cr_000', 'ct_000', 'cu_000', 'cv_000', 'cx_000', 'cy_000', 'cz_000', 'da_000', 'db_000', 'dc_000']
[ 2023-05-06 10:29:54,988 ] 115 root - INFO - Reading train dataframe
[ 2023-05-06 10:29:55,364 ] 117 root - INFO - Reading test dataframe
[ 2023-05-06 10:29:55,466 ] 120 root - INFO - Drop null values colums from train df
[ 2023-05-06 10:29:55,474 ] 41 root - INFO - selecting column name which contains null above to 0.2
[ 2023-05-06 10:29:55,475 ] 44 root - INFO - Columns to drop: ['ab_000', 'ad_000', 'bk_000', 'bl_000', 'bm_000', 'bn_000', 'bo_000', 'bp_000', 'bq_000', 'br_000', 'cf_000', 'cg_000', 'ch_000', 'co_000', 'cr_000', 'ct_000', 'cu_000', 'cv_000', 'cx_000', 'cy_000', 'cz_000', 'da_000', 'db_000', 'dc_000']
[ 2023-05-06 10:29:55,483 ] 122 root - INFO - Drop null values colums from test df
[ 2023-05-06 10:29:55,486 ] 41 root - INFO - selecting column name which contains null above to 0.2
[ 2023-05-06 10:29:55,487 ] 44 root - INFO - Columns to drop: ['ab_000', 'ad_000', 'bk_000', 'bl_000', 'bm_000', 'bn_000', 'bo_000', 'bp_000', 'bq_000', 'br_000', 'cf_000', 'cg_000', 'ch_000', 'co_000', 'cr_000', 'ct_000', 'cu_000', 'cv_000', 'cx_000', 'cy_000', 'cz_000', 'da_000', 'db_000', 'dc_000']
[ 2023-05-06 10:29:56,256 ] 132 root - INFO - Is all required columns present in train df
[ 2023-05-06 10:29:56,257 ] 134 root - INFO - Is all required columns present in test df
[ 2023-05-06 10:29:56,257 ] 138 root - INFO - As all column are available in train df hence detecting data drift
[ 2023-05-06 10:29:56,257 ] 85 root - INFO - Hypothesis class: object, object 
[ 2023-05-06 10:29:56,390 ] 85 root - INFO - Hypothesis aa_000: float64, float64 
[ 2023-05-06 10:29:56,401 ] 85 root - INFO - Hypothesis ac_000: float64, float64 
[ 2023-05-06 10:29:56,440 ] 85 root - INFO - Hypothesis ae_000: float64, float64 
[ 2023-05-06 10:29:56,478 ] 85 root - INFO - Hypothesis af_000: float64, float64 
[ 2023-05-06 10:29:56,515 ] 85 root - INFO - Hypothesis ag_000: float64, float64 
[ 2023-05-06 10:29:56,554 ] 85 root - INFO - Hypothesis ag_001: float64, float64 
[ 2023-05-06 10:29:56,593 ] 85 root - INFO - Hypothesis ag_002: float64, float64 
[ 2023-05-06 10:29:56,630 ] 85 root - INFO - Hypothesis ag_003: float64, float64 
[ 2023-05-06 10:29:56,668 ] 85 root - INFO - Hypothesis ag_004: float64, float64 
[ 2023-05-06 10:29:56,711 ] 85 root - INFO - Hypothesis ag_005: float64, float64 
[ 2023-05-06 10:29:56,721 ] 85 root - INFO - Hypothesis ag_006: float64, float64 
[ 2023-05-06 10:29:56,764 ] 85 root - INFO - Hypothesis ag_007: float64, float64 
[ 2023-05-06 10:29:56,807 ] 85 root - INFO - Hypothesis ag_008: float64, float64 
[ 2023-05-06 10:29:56,846 ] 85 root - INFO - Hypothesis ag_009: float64, float64 
[ 2023-05-06 10:29:56,886 ] 85 root - INFO - Hypothesis ah_000: float64, float64 
[ 2023-05-06 10:29:56,929 ] 85 root - INFO - Hypothesis ai_000: float64, float64 
[ 2023-05-06 10:29:56,965 ] 85 root - INFO - Hypothesis aj_000: float64, float64 
[ 2023-05-06 10:29:57,004 ] 85 root - INFO - Hypothesis ak_000: float64, float64 
[ 2023-05-06 10:29:57,041 ] 85 root - INFO - Hypothesis al_000: float64, float64 
[ 2023-05-06 10:29:57,080 ] 85 root - INFO - Hypothesis am_0: float64, float64 
[ 2023-05-06 10:29:57,120 ] 85 root - INFO - Hypothesis an_000: float64, float64 
[ 2023-05-06 10:29:57,130 ] 85 root - INFO - Hypothesis ao_000: float64, float64 
[ 2023-05-06 10:29:57,141 ] 85 root - INFO - Hypothesis ap_000: float64, float64 
[ 2023-05-06 10:29:57,152 ] 85 root - INFO - Hypothesis aq_000: float64, float64 
[ 2023-05-06 10:29:57,195 ] 85 root - INFO - Hypothesis ar_000: float64, float64 
[ 2023-05-06 10:29:57,232 ] 85 root - INFO - Hypothesis as_000: float64, float64 
[ 2023-05-06 10:29:57,267 ] 85 root - INFO - Hypothesis at_000: float64, float64 
[ 2023-05-06 10:29:57,305 ] 85 root - INFO - Hypothesis au_000: float64, float64 
[ 2023-05-06 10:29:57,340 ] 85 root - INFO - Hypothesis av_000: float64, float64 
[ 2023-05-06 10:29:57,382 ] 85 root - INFO - Hypothesis ax_000: float64, float64 
[ 2023-05-06 10:29:57,390 ] 85 root - INFO - Hypothesis ay_000: float64, float64 
[ 2023-05-06 10:29:57,429 ] 85 root - INFO - Hypothesis ay_001: float64, float64 
[ 2023-05-06 10:29:57,466 ] 85 root - INFO - Hypothesis ay_002: float64, float64 
[ 2023-05-06 10:29:57,503 ] 85 root - INFO - Hypothesis ay_003: float64, float64 
[ 2023-05-06 10:29:57,543 ] 85 root - INFO - Hypothesis ay_004: float64, float64 
[ 2023-05-06 10:29:57,579 ] 85 root - INFO - Hypothesis ay_005: float64, float64 
[ 2023-05-06 10:29:57,618 ] 85 root - INFO - Hypothesis ay_006: float64, float64 
[ 2023-05-06 10:29:57,628 ] 85 root - INFO - Hypothesis ay_007: float64, float64 
[ 2023-05-06 10:29:57,638 ] 85 root - INFO - Hypothesis ay_008: float64, float64 
[ 2023-05-06 10:29:57,648 ] 85 root - INFO - Hypothesis ay_009: float64, float64 
[ 2023-05-06 10:29:57,683 ] 85 root - INFO - Hypothesis az_000: float64, float64 
[ 2023-05-06 10:29:57,725 ] 85 root - INFO - Hypothesis az_001: float64, float64 
[ 2023-05-06 10:29:57,735 ] 85 root - INFO - Hypothesis az_002: float64, float64 
[ 2023-05-06 10:29:57,744 ] 85 root - INFO - Hypothesis az_003: float64, float64 
[ 2023-05-06 10:29:57,754 ] 85 root - INFO - Hypothesis az_004: float64, float64 
[ 2023-05-06 10:29:57,765 ] 85 root - INFO - Hypothesis az_005: float64, float64 
[ 2023-05-06 10:29:57,807 ] 85 root - INFO - Hypothesis az_006: float64, float64 
[ 2023-05-06 10:29:57,817 ] 85 root - INFO - Hypothesis az_007: float64, float64 
[ 2023-05-06 10:29:57,857 ] 85 root - INFO - Hypothesis az_008: float64, float64 
[ 2023-05-06 10:29:57,895 ] 85 root - INFO - Hypothesis az_009: float64, float64 
[ 2023-05-06 10:29:57,931 ] 85 root - INFO - Hypothesis ba_000: float64, float64 
[ 2023-05-06 10:29:57,942 ] 85 root - INFO - Hypothesis ba_001: float64, float64 
[ 2023-05-06 10:29:57,985 ] 85 root - INFO - Hypothesis ba_002: float64, float64 
[ 2023-05-06 10:29:58,027 ] 85 root - INFO - Hypothesis ba_003: float64, float64 
[ 2023-05-06 10:29:58,070 ] 85 root - INFO - Hypothesis ba_004: float64, float64 
[ 2023-05-06 10:29:58,112 ] 85 root - INFO - Hypothesis ba_005: float64, float64 
[ 2023-05-06 10:29:58,155 ] 85 root - INFO - Hypothesis ba_006: float64, float64 
[ 2023-05-06 10:29:58,198 ] 85 root - INFO - Hypothesis ba_007: float64, float64 
[ 2023-05-06 10:29:58,207 ] 85 root - INFO - Hypothesis ba_008: float64, float64 
[ 2023-05-06 10:29:58,247 ] 85 root - INFO - Hypothesis ba_009: float64, float64 
[ 2023-05-06 10:29:58,286 ] 85 root - INFO - Hypothesis bb_000: float64, float64 
[ 2023-05-06 10:29:58,297 ] 85 root - INFO - Hypothesis bc_000: float64, float64 
[ 2023-05-06 10:29:58,336 ] 85 root - INFO - Hypothesis bd_000: float64, float64 
[ 2023-05-06 10:29:58,377 ] 85 root - INFO - Hypothesis be_000: float64, float64 
[ 2023-05-06 10:29:58,424 ] 85 root - INFO - Hypothesis bf_000: float64, float64 
[ 2023-05-06 10:29:58,464 ] 85 root - INFO - Hypothesis bg_000: float64, float64 
[ 2023-05-06 10:29:58,475 ] 85 root - INFO - Hypothesis bh_000: float64, float64 
[ 2023-05-06 10:29:58,485 ] 85 root - INFO - Hypothesis bi_000: float64, float64 
[ 2023-05-06 10:29:58,496 ] 85 root - INFO - Hypothesis bj_000: float64, float64 
[ 2023-05-06 10:29:58,507 ] 85 root - INFO - Hypothesis bs_000: float64, float64 
[ 2023-05-06 10:29:58,518 ] 85 root - INFO - Hypothesis bt_000: float64, float64 
[ 2023-05-06 10:29:58,563 ] 85 root - INFO - Hypothesis bu_000: float64, float64 
[ 2023-05-06 10:29:58,574 ] 85 root - INFO - Hypothesis bv_000: float64, float64 
[ 2023-05-06 10:29:58,584 ] 85 root - INFO - Hypothesis bx_000: float64, float64 
[ 2023-05-06 10:29:58,627 ] 85 root - INFO - Hypothesis by_000: float64, float64 
[ 2023-05-06 10:29:58,638 ] 85 root - INFO - Hypothesis bz_000: float64, float64 
[ 2023-05-06 10:29:58,647 ] 85 root - INFO - Hypothesis ca_000: float64, float64 
[ 2023-05-06 10:29:58,691 ] 85 root - INFO - Hypothesis cb_000: float64, float64 
[ 2023-05-06 10:29:58,702 ] 85 root - INFO - Hypothesis cc_000: float64, float64 
[ 2023-05-06 10:29:58,744 ] 85 root - INFO - Hypothesis cd_000: float64, float64 
[ 2023-05-06 10:29:58,781 ] 85 root - INFO - Hypothesis ce_000: float64, float64 
[ 2023-05-06 10:29:58,790 ] 85 root - INFO - Hypothesis ci_000: float64, float64 
[ 2023-05-06 10:29:58,801 ] 85 root - INFO - Hypothesis cj_000: float64, float64 
[ 2023-05-06 10:29:58,840 ] 85 root - INFO - Hypothesis ck_000: float64, float64 
[ 2023-05-06 10:29:58,883 ] 85 root - INFO - Hypothesis cl_000: float64, float64 
[ 2023-05-06 10:29:58,921 ] 85 root - INFO - Hypothesis cm_000: float64, float64 
[ 2023-05-06 10:29:58,929 ] 85 root - INFO - Hypothesis cn_000: float64, float64 
[ 2023-05-06 10:29:58,965 ] 85 root - INFO - Hypothesis cn_001: float64, float64 
[ 2023-05-06 10:29:59,003 ] 85 root - INFO - Hypothesis cn_002: float64, float64 
[ 2023-05-06 10:29:59,011 ] 85 root - INFO - Hypothesis cn_003: float64, float64 
[ 2023-05-06 10:29:59,021 ] 85 root - INFO - Hypothesis cn_004: float64, float64 
[ 2023-05-06 10:29:59,064 ] 85 root - INFO - Hypothesis cn_005: float64, float64 
[ 2023-05-06 10:29:59,107 ] 85 root - INFO - Hypothesis cn_006: float64, float64 
[ 2023-05-06 10:29:59,118 ] 85 root - INFO - Hypothesis cn_007: float64, float64 
[ 2023-05-06 10:29:59,128 ] 85 root - INFO - Hypothesis cn_008: float64, float64 
[ 2023-05-06 10:29:59,138 ] 85 root - INFO - Hypothesis cn_009: float64, float64 
[ 2023-05-06 10:29:59,179 ] 85 root - INFO - Hypothesis cp_000: float64, float64 
[ 2023-05-06 10:29:59,220 ] 85 root - INFO - Hypothesis cq_000: float64, float64 
[ 2023-05-06 10:29:59,230 ] 85 root - INFO - Hypothesis cs_000: float64, float64 
[ 2023-05-06 10:29:59,240 ] 85 root - INFO - Hypothesis cs_001: float64, float64 
[ 2023-05-06 10:29:59,249 ] 85 root - INFO - Hypothesis cs_002: float64, float64 
[ 2023-05-06 10:29:59,259 ] 85 root - INFO - Hypothesis cs_003: float64, float64 
[ 2023-05-06 10:29:59,270 ] 85 root - INFO - Hypothesis cs_004: float64, float64 
[ 2023-05-06 10:29:59,280 ] 85 root - INFO - Hypothesis cs_005: float64, float64 
[ 2023-05-06 10:29:59,323 ] 85 root - INFO - Hypothesis cs_006: float64, float64 
[ 2023-05-06 10:29:59,334 ] 85 root - INFO - Hypothesis cs_007: float64, float64 
[ 2023-05-06 10:29:59,344 ] 85 root - INFO - Hypothesis cs_008: float64, float64 
[ 2023-05-06 10:29:59,352 ] 85 root - INFO - Hypothesis cs_009: float64, float64 
[ 2023-05-06 10:29:59,391 ] 85 root - INFO - Hypothesis dd_000: float64, float64 
[ 2023-05-06 10:29:59,434 ] 85 root - INFO - Hypothesis de_000: float64, float64 
[ 2023-05-06 10:29:59,475 ] 85 root - INFO - Hypothesis df_000: float64, float64 
[ 2023-05-06 10:29:59,512 ] 85 root - INFO - Hypothesis dg_000: float64, float64 
[ 2023-05-06 10:29:59,549 ] 85 root - INFO - Hypothesis dh_000: float64, float64 
[ 2023-05-06 10:29:59,587 ] 85 root - INFO - Hypothesis di_000: float64, float64 
[ 2023-05-06 10:29:59,626 ] 85 root - INFO - Hypothesis dj_000: float64, float64 
[ 2023-05-06 10:29:59,662 ] 85 root - INFO - Hypothesis dk_000: float64, float64 
[ 2023-05-06 10:29:59,698 ] 85 root - INFO - Hypothesis dl_000: float64, float64 
[ 2023-05-06 10:29:59,735 ] 85 root - INFO - Hypothesis dm_000: float64, float64 
[ 2023-05-06 10:29:59,772 ] 85 root - INFO - Hypothesis dn_000: float64, float64 
[ 2023-05-06 10:29:59,783 ] 85 root - INFO - Hypothesis do_000: float64, float64 
[ 2023-05-06 10:29:59,792 ] 85 root - INFO - Hypothesis dp_000: float64, float64 
[ 2023-05-06 10:29:59,801 ] 85 root - INFO - Hypothesis dq_000: float64, float64 
[ 2023-05-06 10:29:59,840 ] 85 root - INFO - Hypothesis dr_000: float64, float64 
[ 2023-05-06 10:29:59,878 ] 85 root - INFO - Hypothesis ds_000: float64, float64 
[ 2023-05-06 10:29:59,889 ] 85 root - INFO - Hypothesis dt_000: float64, float64 
[ 2023-05-06 10:29:59,899 ] 85 root - INFO - Hypothesis du_000: float64, float64 
[ 2023-05-06 10:29:59,941 ] 85 root - INFO - Hypothesis dv_000: float64, float64 
[ 2023-05-06 10:29:59,984 ] 85 root - INFO - Hypothesis dx_000: float64, float64 
[ 2023-05-06 10:30:00,023 ] 85 root - INFO - Hypothesis dy_000: float64, float64 
[ 2023-05-06 10:30:00,063 ] 85 root - INFO - Hypothesis dz_000: float64, float64 
[ 2023-05-06 10:30:00,099 ] 85 root - INFO - Hypothesis ea_000: float64, float64 
[ 2023-05-06 10:30:00,136 ] 85 root - INFO - Hypothesis eb_000: float64, float64 
[ 2023-05-06 10:30:00,177 ] 85 root - INFO - Hypothesis ec_00: float64, float64 
[ 2023-05-06 10:30:00,187 ] 85 root - INFO - Hypothesis ed_000: float64, float64 
[ 2023-05-06 10:30:00,196 ] 85 root - INFO - Hypothesis ee_000: float64, float64 
[ 2023-05-06 10:30:00,239 ] 85 root - INFO - Hypothesis ee_001: float64, float64 
[ 2023-05-06 10:30:00,251 ] 85 root - INFO - Hypothesis ee_002: float64, float64 
[ 2023-05-06 10:30:00,295 ] 85 root - INFO - Hypothesis ee_003: float64, float64 
[ 2023-05-06 10:30:00,337 ] 85 root - INFO - Hypothesis ee_004: float64, float64 
[ 2023-05-06 10:30:00,380 ] 85 root - INFO - Hypothesis ee_005: float64, float64 
[ 2023-05-06 10:30:00,391 ] 85 root - INFO - Hypothesis ee_006: float64, float64 
[ 2023-05-06 10:30:00,403 ] 85 root - INFO - Hypothesis ee_007: float64, float64 
[ 2023-05-06 10:30:00,447 ] 85 root - INFO - Hypothesis ee_008: float64, float64 
[ 2023-05-06 10:30:00,488 ] 85 root - INFO - Hypothesis ee_009: float64, float64 
[ 2023-05-06 10:30:00,528 ] 85 root - INFO - Hypothesis ef_000: float64, float64 
[ 2023-05-06 10:30:00,564 ] 85 root - INFO - Hypothesis eg_000: float64, float64 
[ 2023-05-06 10:30:00,601 ] 141 root - INFO - As all column are available in test df hence detecting data drift
[ 2023-05-06 10:30:00,601 ] 85 root - INFO - Hypothesis class: object, object 
[ 2023-05-06 10:30:00,676 ] 85 root - INFO - Hypothesis aa_000: float64, float64 
[ 2023-05-06 10:30:00,683 ] 85 root - INFO - Hypothesis ac_000: float64, float64 
[ 2023-05-06 10:30:00,688 ] 85 root - INFO - Hypothesis ae_000: float64, float64 
[ 2023-05-06 10:30:00,692 ] 85 root - INFO - Hypothesis af_000: float64, float64 
[ 2023-05-06 10:30:00,695 ] 85 root - INFO - Hypothesis ag_000: float64, float64 
[ 2023-05-06 10:30:00,710 ] 85 root - INFO - Hypothesis ag_001: float64, float64 
[ 2023-05-06 10:30:00,725 ] 85 root - INFO - Hypothesis ag_002: float64, float64 
[ 2023-05-06 10:30:00,740 ] 85 root - INFO - Hypothesis ag_003: float64, float64 
[ 2023-05-06 10:30:00,745 ] 85 root - INFO - Hypothesis ag_004: float64, float64 
[ 2023-05-06 10:30:00,751 ] 85 root - INFO - Hypothesis ag_005: float64, float64 
[ 2023-05-06 10:30:00,758 ] 85 root - INFO - Hypothesis ag_006: float64, float64 
[ 2023-05-06 10:30:00,766 ] 85 root - INFO - Hypothesis ag_007: float64, float64 
[ 2023-05-06 10:30:00,772 ] 85 root - INFO - Hypothesis ag_008: float64, float64 
[ 2023-05-06 10:30:00,778 ] 85 root - INFO - Hypothesis ag_009: float64, float64 
[ 2023-05-06 10:30:00,782 ] 85 root - INFO - Hypothesis ah_000: float64, float64 
[ 2023-05-06 10:30:00,789 ] 85 root - INFO - Hypothesis ai_000: float64, float64 
[ 2023-05-06 10:30:00,805 ] 85 root - INFO - Hypothesis aj_000: float64, float64 
[ 2023-05-06 10:30:00,809 ] 85 root - INFO - Hypothesis ak_000: float64, float64 
[ 2023-05-06 10:30:00,813 ] 85 root - INFO - Hypothesis al_000: float64, float64 
[ 2023-05-06 10:30:00,818 ] 85 root - INFO - Hypothesis am_0: float64, float64 
[ 2023-05-06 10:30:00,823 ] 85 root - INFO - Hypothesis an_000: float64, float64 
[ 2023-05-06 10:30:00,830 ] 85 root - INFO - Hypothesis ao_000: float64, float64 
[ 2023-05-06 10:30:00,837 ] 85 root - INFO - Hypothesis ap_000: float64, float64 
[ 2023-05-06 10:30:00,844 ] 85 root - INFO - Hypothesis aq_000: float64, float64 
[ 2023-05-06 10:30:00,851 ] 85 root - INFO - Hypothesis ar_000: float64, float64 
[ 2023-05-06 10:30:00,854 ] 85 root - INFO - Hypothesis as_000: float64, float64 
[ 2023-05-06 10:30:00,869 ] 85 root - INFO - Hypothesis at_000: float64, float64 
[ 2023-05-06 10:30:00,885 ] 85 root - INFO - Hypothesis au_000: float64, float64 
[ 2023-05-06 10:30:00,900 ] 85 root - INFO - Hypothesis av_000: float64, float64 
[ 2023-05-06 10:30:00,906 ] 85 root - INFO - Hypothesis ax_000: float64, float64 
[ 2023-05-06 10:30:00,912 ] 85 root - INFO - Hypothesis ay_000: float64, float64 
[ 2023-05-06 10:30:00,928 ] 85 root - INFO - Hypothesis ay_001: float64, float64 
[ 2023-05-06 10:30:00,943 ] 85 root - INFO - Hypothesis ay_002: float64, float64 
[ 2023-05-06 10:30:00,958 ] 85 root - INFO - Hypothesis ay_003: float64, float64 
[ 2023-05-06 10:30:00,973 ] 85 root - INFO - Hypothesis ay_004: float64, float64 
[ 2023-05-06 10:30:00,989 ] 85 root - INFO - Hypothesis ay_005: float64, float64 
[ 2023-05-06 10:30:00,994 ] 85 root - INFO - Hypothesis ay_006: float64, float64 
[ 2023-05-06 10:30:01,000 ] 85 root - INFO - Hypothesis ay_007: float64, float64 
[ 2023-05-06 10:30:01,007 ] 85 root - INFO - Hypothesis ay_008: float64, float64 
[ 2023-05-06 10:30:01,014 ] 85 root - INFO - Hypothesis ay_009: float64, float64 
[ 2023-05-06 10:30:01,029 ] 85 root - INFO - Hypothesis az_000: float64, float64 
[ 2023-05-06 10:30:01,035 ] 85 root - INFO - Hypothesis az_001: float64, float64 
[ 2023-05-06 10:30:01,042 ] 85 root - INFO - Hypothesis az_002: float64, float64 
[ 2023-05-06 10:30:01,048 ] 85 root - INFO - Hypothesis az_003: float64, float64 
[ 2023-05-06 10:30:01,055 ] 85 root - INFO - Hypothesis az_004: float64, float64 
[ 2023-05-06 10:30:01,062 ] 85 root - INFO - Hypothesis az_005: float64, float64 
[ 2023-05-06 10:30:01,069 ] 85 root - INFO - Hypothesis az_006: float64, float64 
[ 2023-05-06 10:30:01,075 ] 85 root - INFO - Hypothesis az_007: float64, float64 
[ 2023-05-06 10:30:01,079 ] 85 root - INFO - Hypothesis az_008: float64, float64 
[ 2023-05-06 10:30:01,083 ] 85 root - INFO - Hypothesis az_009: float64, float64 
[ 2023-05-06 10:30:01,098 ] 85 root - INFO - Hypothesis ba_000: float64, float64 
[ 2023-05-06 10:30:01,105 ] 85 root - INFO - Hypothesis ba_001: float64, float64 
[ 2023-05-06 10:30:01,113 ] 85 root - INFO - Hypothesis ba_002: float64, float64 
[ 2023-05-06 10:30:01,120 ] 85 root - INFO - Hypothesis ba_003: float64, float64 
[ 2023-05-06 10:30:01,127 ] 85 root - INFO - Hypothesis ba_004: float64, float64 
[ 2023-05-06 10:30:01,134 ] 85 root - INFO - Hypothesis ba_005: float64, float64 
[ 2023-05-06 10:30:01,140 ] 85 root - INFO - Hypothesis ba_006: float64, float64 
[ 2023-05-06 10:30:01,147 ] 85 root - INFO - Hypothesis ba_007: float64, float64 
[ 2023-05-06 10:30:01,154 ] 85 root - INFO - Hypothesis ba_008: float64, float64 
[ 2023-05-06 10:30:01,159 ] 85 root - INFO - Hypothesis ba_009: float64, float64 
[ 2023-05-06 10:30:01,176 ] 85 root - INFO - Hypothesis bb_000: float64, float64 
[ 2023-05-06 10:30:01,183 ] 85 root - INFO - Hypothesis bc_000: float64, float64 
[ 2023-05-06 10:30:01,188 ] 85 root - INFO - Hypothesis bd_000: float64, float64 
[ 2023-05-06 10:30:01,194 ] 85 root - INFO - Hypothesis be_000: float64, float64 
[ 2023-05-06 10:30:01,200 ] 85 root - INFO - Hypothesis bf_000: float64, float64 
[ 2023-05-06 10:30:01,205 ] 85 root - INFO - Hypothesis bg_000: float64, float64 
[ 2023-05-06 10:30:01,212 ] 85 root - INFO - Hypothesis bh_000: float64, float64 
[ 2023-05-06 10:30:01,219 ] 85 root - INFO - Hypothesis bi_000: float64, float64 
[ 2023-05-06 10:30:01,226 ] 85 root - INFO - Hypothesis bj_000: float64, float64 
[ 2023-05-06 10:30:01,233 ] 85 root - INFO - Hypothesis bs_000: float64, float64 
[ 2023-05-06 10:30:01,240 ] 85 root - INFO - Hypothesis bt_000: float64, float64 
[ 2023-05-06 10:30:01,247 ] 85 root - INFO - Hypothesis bu_000: float64, float64 
[ 2023-05-06 10:30:01,254 ] 85 root - INFO - Hypothesis bv_000: float64, float64 
[ 2023-05-06 10:30:01,261 ] 85 root - INFO - Hypothesis bx_000: float64, float64 
[ 2023-05-06 10:30:01,268 ] 85 root - INFO - Hypothesis by_000: float64, float64 
[ 2023-05-06 10:30:01,275 ] 85 root - INFO - Hypothesis bz_000: float64, float64 
[ 2023-05-06 10:30:01,281 ] 85 root - INFO - Hypothesis ca_000: float64, float64 
[ 2023-05-06 10:30:01,288 ] 85 root - INFO - Hypothesis cb_000: float64, float64 
[ 2023-05-06 10:30:01,295 ] 85 root - INFO - Hypothesis cc_000: float64, float64 
[ 2023-05-06 10:30:01,302 ] 85 root - INFO - Hypothesis cd_000: float64, float64 
[ 2023-05-06 10:30:01,318 ] 85 root - INFO - Hypothesis ce_000: float64, float64 
[ 2023-05-06 10:30:01,324 ] 85 root - INFO - Hypothesis ci_000: float64, float64 
[ 2023-05-06 10:30:01,332 ] 85 root - INFO - Hypothesis cj_000: float64, float64 
[ 2023-05-06 10:30:01,336 ] 85 root - INFO - Hypothesis ck_000: float64, float64 
[ 2023-05-06 10:30:01,343 ] 85 root - INFO - Hypothesis cl_000: float64, float64 
[ 2023-05-06 10:30:01,347 ] 85 root - INFO - Hypothesis cm_000: float64, float64 
[ 2023-05-06 10:30:01,352 ] 85 root - INFO - Hypothesis cn_000: float64, float64 
[ 2023-05-06 10:30:01,368 ] 85 root - INFO - Hypothesis cn_001: float64, float64 
[ 2023-05-06 10:30:01,372 ] 85 root - INFO - Hypothesis cn_002: float64, float64 
[ 2023-05-06 10:30:01,377 ] 85 root - INFO - Hypothesis cn_003: float64, float64 
[ 2023-05-06 10:30:01,385 ] 85 root - INFO - Hypothesis cn_004: float64, float64 
[ 2023-05-06 10:30:01,392 ] 85 root - INFO - Hypothesis cn_005: float64, float64 
[ 2023-05-06 10:30:01,401 ] 85 root - INFO - Hypothesis cn_006: float64, float64 
[ 2023-05-06 10:30:01,410 ] 85 root - INFO - Hypothesis cn_007: float64, float64 
[ 2023-05-06 10:30:01,418 ] 85 root - INFO - Hypothesis cn_008: float64, float64 
[ 2023-05-06 10:30:01,426 ] 85 root - INFO - Hypothesis cn_009: float64, float64 
[ 2023-05-06 10:30:01,432 ] 85 root - INFO - Hypothesis cp_000: float64, float64 
[ 2023-05-06 10:30:01,439 ] 85 root - INFO - Hypothesis cq_000: float64, float64 
[ 2023-05-06 10:30:01,446 ] 85 root - INFO - Hypothesis cs_000: float64, float64 
[ 2023-05-06 10:30:01,453 ] 85 root - INFO - Hypothesis cs_001: float64, float64 
[ 2023-05-06 10:30:01,460 ] 85 root - INFO - Hypothesis cs_002: float64, float64 
[ 2023-05-06 10:30:01,467 ] 85 root - INFO - Hypothesis cs_003: float64, float64 
[ 2023-05-06 10:30:01,474 ] 85 root - INFO - Hypothesis cs_004: float64, float64 
[ 2023-05-06 10:30:01,481 ] 85 root - INFO - Hypothesis cs_005: float64, float64 
[ 2023-05-06 10:30:01,488 ] 85 root - INFO - Hypothesis cs_006: float64, float64 
[ 2023-05-06 10:30:01,495 ] 85 root - INFO - Hypothesis cs_007: float64, float64 
[ 2023-05-06 10:30:01,502 ] 85 root - INFO - Hypothesis cs_008: float64, float64 
[ 2023-05-06 10:30:01,507 ] 85 root - INFO - Hypothesis cs_009: float64, float64 
[ 2023-05-06 10:30:01,510 ] 85 root - INFO - Hypothesis dd_000: float64, float64 
[ 2023-05-06 10:30:01,516 ] 85 root - INFO - Hypothesis de_000: float64, float64 
[ 2023-05-06 10:30:01,522 ] 85 root - INFO - Hypothesis df_000: float64, float64 
[ 2023-05-06 10:30:01,526 ] 85 root - INFO - Hypothesis dg_000: float64, float64 
[ 2023-05-06 10:30:01,529 ] 85 root - INFO - Hypothesis dh_000: float64, float64 
[ 2023-05-06 10:30:01,533 ] 85 root - INFO - Hypothesis di_000: float64, float64 
[ 2023-05-06 10:30:01,537 ] 85 root - INFO - Hypothesis dj_000: float64, float64 
[ 2023-05-06 10:30:01,540 ] 85 root - INFO - Hypothesis dk_000: float64, float64 
[ 2023-05-06 10:30:01,544 ] 85 root - INFO - Hypothesis dl_000: float64, float64 
[ 2023-05-06 10:30:01,547 ] 85 root - INFO - Hypothesis dm_000: float64, float64 
[ 2023-05-06 10:30:01,550 ] 85 root - INFO - Hypothesis dn_000: float64, float64 
[ 2023-05-06 10:30:01,557 ] 85 root - INFO - Hypothesis do_000: float64, float64 
[ 2023-05-06 10:30:01,564 ] 85 root - INFO - Hypothesis dp_000: float64, float64 
[ 2023-05-06 10:30:01,572 ] 85 root - INFO - Hypothesis dq_000: float64, float64 
[ 2023-05-06 10:30:01,576 ] 85 root - INFO - Hypothesis dr_000: float64, float64 
[ 2023-05-06 10:30:01,580 ] 85 root - INFO - Hypothesis ds_000: float64, float64 
[ 2023-05-06 10:30:01,587 ] 85 root - INFO - Hypothesis dt_000: float64, float64 
[ 2023-05-06 10:30:01,594 ] 85 root - INFO - Hypothesis du_000: float64, float64 
[ 2023-05-06 10:30:01,601 ] 85 root - INFO - Hypothesis dv_000: float64, float64 
[ 2023-05-06 10:30:01,607 ] 85 root - INFO - Hypothesis dx_000: float64, float64 
[ 2023-05-06 10:30:01,612 ] 85 root - INFO - Hypothesis dy_000: float64, float64 
[ 2023-05-06 10:30:01,617 ] 85 root - INFO - Hypothesis dz_000: float64, float64 
[ 2023-05-06 10:30:01,632 ] 85 root - INFO - Hypothesis ea_000: float64, float64 
[ 2023-05-06 10:30:01,636 ] 85 root - INFO - Hypothesis eb_000: float64, float64 
[ 2023-05-06 10:30:01,642 ] 85 root - INFO - Hypothesis ec_00: float64, float64 
[ 2023-05-06 10:30:01,648 ] 85 root - INFO - Hypothesis ed_000: float64, float64 
[ 2023-05-06 10:30:01,654 ] 85 root - INFO - Hypothesis ee_000: float64, float64 
[ 2023-05-06 10:30:01,662 ] 85 root - INFO - Hypothesis ee_001: float64, float64 
[ 2023-05-06 10:30:01,669 ] 85 root - INFO - Hypothesis ee_002: float64, float64 
[ 2023-05-06 10:30:01,676 ] 85 root - INFO - Hypothesis ee_003: float64, float64 
[ 2023-05-06 10:30:01,683 ] 85 root - INFO - Hypothesis ee_004: float64, float64 
[ 2023-05-06 10:30:01,690 ] 85 root - INFO - Hypothesis ee_005: float64, float64 
[ 2023-05-06 10:30:01,697 ] 85 root - INFO - Hypothesis ee_006: float64, float64 
[ 2023-05-06 10:30:01,703 ] 85 root - INFO - Hypothesis ee_007: float64, float64 
[ 2023-05-06 10:30:01,710 ] 85 root - INFO - Hypothesis ee_008: float64, float64 
[ 2023-05-06 10:30:01,716 ] 85 root - INFO - Hypothesis ee_009: float64, float64 
[ 2023-05-06 10:30:01,721 ] 85 root - INFO - Hypothesis ef_000: float64, float64 
[ 2023-05-06 10:30:01,737 ] 85 root - INFO - Hypothesis eg_000: float64, float64 
[ 2023-05-06 10:30:01,752 ] 145 root - INFO - Write reprt in yaml file
[ 2023-05-06 10:30:01,821 ] 150 root - INFO - Data validation artifact: DataValidationArtifact(report_file_path='/config/workspace/artifact/05062023__102940/data_validation/report.yaml')
